Running in 3000
ClientIP: ::ffff:114.80.124.182
[0mGET / [36m304 [0m6.823 ms - -[0m
[0mGET /javascripts/dataprocessing.js [36m304 [0m0.539 ms - -[0m
ClientIP: ::ffff:114.80.124.182
[0mGET /idquery?id=2 [36m304 [0m3.068 ms - -[0m
ClientIP: ::ffff:114.80.124.182
[0mGET / [36m304 [0m0.858 ms - -[0m
[0mGET /javascripts/dataprocessing.js [36m304 [0m0.376 ms - -[0m
ClientIP: ::ffff:114.80.124.182
[0mGET /favicon.ico [33m404 [0m249.203 ms - 1064[0m
ClientIP: ::ffff:114.80.124.182
[0mGET /idquery?id=1 [36m304 [0m1.777 ms - -[0m
Running in 3000
Running in 3000
Running in 3000
Running in 3000
ClientIP: ::ffff:114.80.124.182
[0mGET / [36m304 [0m6.876 ms - -[0m
[0mGET /javascripts/dataprocessing.js [36m304 [0m0.545 ms - -[0m
2017-12-14T03:54:11.160Z
2017-12-14T04:24:11.163Z
2017-12-14T04:54:11.165Z
2017-12-14T05:24:11.165Z
2017-12-14T05:54:11.169Z
2017-12-14T06:24:11.172Z
2017-12-14T06:54:11.174Z
2017-12-14T07:24:11.175Z
2017-12-14T07:54:11.178Z
ClientIP: ::ffff:114.80.124.182
[0mGET / [36m304 [0m1.183 ms - -[0m
[0mGET /javascripts/dataprocessing.js [36m304 [0m0.417 ms - -[0m
ClientIP: ::ffff:114.80.124.182
[0mGET /idquery?id=9 [32m200 [0m3.158 ms - 54[0m
2017-12-14T08:24:11.181Z
2017-12-14T08:54:11.183Z
2017-12-14T09:24:11.184Z
2017-12-14T09:54:11.189Z
2017-12-14T10:24:11.194Z
2017-12-14T10:54:11.198Z
2017-12-14T11:24:11.201Z
2017-12-14T11:54:11.202Z
2017-12-14T12:24:11.207Z
2017-12-14T12:54:11.211Z
2017-12-14T13:24:11.214Z
ClientIP: ::ffff:117.136.190.20
[0mGET / [32m200 [0m2.768 ms - 5983[0m
2017-12-14T13:54:11.216Z
2017-12-14T14:24:11.217Z
2017-12-14T14:54:11.222Z
2017-12-14T15:24:11.225Z
2017-12-14T15:54:11.228Z
2017-12-14T16:24:11.229Z
2017-12-14T16:54:11.235Z
2017-12-14T17:24:11.239Z
2017-12-14T17:54:11.242Z
2017-12-14T18:24:11.244Z
2017-12-14T18:54:11.246Z
2017-12-14T19:24:11.247Z
2017-12-14T19:54:11.250Z
2017-12-14T20:24:11.254Z
2017-12-14T20:54:11.257Z
2017-12-14T21:24:11.258Z
2017-12-14T21:54:11.259Z
2017-12-14T22:24:11.263Z
2017-12-14T22:54:11.267Z
2017-12-14T23:24:11.270Z
2017-12-14T23:54:11.272Z
2017-12-15T00:24:11.273Z
2017-12-15T00:54:11.277Z
2017-12-15T01:24:11.281Z
2017-12-15T01:54:11.284Z
2017-12-15T02:24:11.286Z
2017-12-15T02:54:11.291Z
2017-12-15T03:24:11.296Z
2017-12-15T03:54:11.299Z
2017-12-15T04:24:11.301Z
2017-12-15T04:54:11.301Z
[0mGET / [0m- [0m- ms - -[0m
ClientIP: undefined
2017-12-15T05:24:11.305Z
2017-12-15T05:54:11.309Z
2017-12-15T06:24:11.312Z
2017-12-15T06:54:11.314Z
ClientIP: ::ffff:114.80.124.182
[0mGET / [36m304 [0m0.616 ms - -[0m
[0mGET /javascripts/dataprocessing.js [36m304 [0m0.238 ms - -[0m
2017-12-15T07:24:11.315Z
2017-12-15T07:54:11.320Z
2017-12-15T08:24:11.323Z
ClientIP: ::ffff:114.80.124.182
[0mGET / [36m304 [0m0.723 ms - -[0m
[0mGET /javascripts/dataprocessing.js [36m304 [0m0.236 ms - -[0m
ClientIP: ::ffff:114.80.124.182
[0mGET / [36m304 [0m0.587 ms - -[0m
[0mGET /javascripts/dataprocessing.js [36m304 [0m0.214 ms - -[0m
ClientIP: ::ffff:114.80.124.182
[0mGET / [32m200 [0m0.795 ms - 5983[0m
[0mGET /javascripts/dataprocessing.js [32m200 [0m0.381 ms - 4800[0m
ClientIP: ::ffff:101.226.66.187
[0mGET / [32m200 [0m0.690 ms - 5983[0m
[0mGET /javascripts/dataprocessing.js [32m200 [0m0.388 ms - 4800[0m
2017-12-15T08:54:11.326Z
2017-12-15T09:24:11.328Z
2017-12-15T09:54:11.330Z
2017-12-15T10:24:11.334Z
2017-12-15T10:54:11.337Z
2017-12-15T11:24:11.339Z
2017-12-15T11:54:11.341Z
2017-12-15T12:24:11.342Z
2017-12-15T12:54:11.347Z
2017-12-15T13:24:11.351Z
2017-12-15T13:54:11.353Z
2017-12-15T14:24:11.354Z
2017-12-15T14:54:11.359Z
2017-12-15T15:24:11.363Z
2017-12-15T15:54:11.366Z
2017-12-15T16:24:11.367Z
2017-12-15T16:54:11.368Z
2017-12-15T17:24:11.373Z
2017-12-15T17:54:11.377Z
2017-12-15T18:24:11.380Z
2017-12-15T18:54:11.382Z
2017-12-15T19:24:11.382Z
2017-12-15T19:54:11.382Z
2017-12-15T20:24:11.386Z
2017-12-15T20:54:11.389Z
2017-12-15T21:24:11.391Z
2017-12-15T21:54:11.392Z
2017-12-15T22:24:11.397Z
2017-12-15T22:54:11.401Z
2017-12-15T23:24:11.404Z
2017-12-15T23:54:11.405Z
2017-12-16T00:24:11.411Z
2017-12-16T00:54:11.414Z
2017-12-16T01:24:11.417Z
2017-12-16T01:54:11.419Z
2017-12-16T02:24:11.420Z
2017-12-16T02:54:11.421Z
2017-12-16T03:24:11.426Z
2017-12-16T03:54:11.429Z
2017-12-16T04:24:11.430Z
2017-12-16T04:54:11.431Z
2017-12-16T05:24:11.437Z
2017-12-16T05:54:11.440Z
ClientIP: ::ffff:116.226.216.159
[0mGET / [32m200 [0m0.725 ms - 5983[0m
[0mGET /javascripts/dataprocessing.js [32m200 [0m0.320 ms - 4800[0m
ClientIP: ::ffff:116.226.216.159
[0mGET /favicon.ico [33m404 [0m234.621 ms - 1064[0m
2017-12-16T06:24:11.443Z
2017-12-16T06:54:11.445Z
2017-12-16T07:24:11.446Z
2017-12-16T07:54:11.450Z
2017-12-16T08:24:11.454Z
2017-12-16T08:54:11.457Z
2017-12-16T09:24:11.458Z
2017-12-16T09:54:11.463Z
2017-12-16T10:24:11.466Z
2017-12-16T10:54:11.469Z
2017-12-16T11:24:11.471Z
2017-12-16T11:54:11.471Z
2017-12-16T12:24:11.475Z
2017-12-16T12:54:11.478Z
2017-12-16T13:24:11.480Z
2017-12-16T13:54:11.481Z
2017-12-16T14:24:11.486Z
2017-12-16T14:54:11.489Z
2017-12-16T15:24:11.491Z
ClientIP: ::ffff:196.52.43.52
[0mGET / [32m200 [0m1.137 ms - 5983[0m
2017-12-16T15:54:11.492Z
2017-12-16T16:24:11.497Z
2017-12-16T16:54:11.500Z
2017-12-16T17:24:11.502Z
2017-12-16T17:54:11.504Z
2017-12-16T18:24:11.505Z
2017-12-16T18:54:11.510Z
2017-12-16T19:24:11.514Z
2017-12-16T19:54:11.516Z
2017-12-16T20:24:11.518Z
2017-12-16T20:54:11.519Z
2017-12-16T21:24:11.524Z
2017-12-16T21:54:11.527Z
2017-12-16T22:24:11.530Z
2017-12-16T22:54:11.532Z
2017-12-16T23:24:11.533Z
2017-12-16T23:54:11.538Z
2017-12-17T00:24:11.542Z
2017-12-17T00:54:11.544Z
2017-12-17T01:24:11.545Z
2017-12-17T01:54:11.545Z
2017-12-17T02:24:11.546Z
2017-12-17T02:54:11.550Z
2017-12-17T03:24:11.552Z
2017-12-17T03:54:11.553Z
2017-12-17T04:24:11.558Z
2017-12-17T04:54:11.562Z
2017-12-17T05:24:11.564Z
2017-12-17T05:54:11.565Z
2017-12-17T06:24:11.570Z
2017-12-17T06:54:11.573Z
2017-12-17T07:24:11.576Z
2017-12-17T07:54:11.579Z
2017-12-17T08:24:11.580Z
2017-12-17T08:54:11.581Z
2017-12-17T09:24:11.586Z
2017-12-17T09:54:11.589Z
2017-12-17T10:24:11.591Z
2017-12-17T10:54:11.594Z
2017-12-17T11:24:11.596Z
2017-12-17T11:54:11.597Z
2017-12-17T12:24:11.602Z
2017-12-17T12:54:11.606Z
2017-12-17T13:24:11.609Z
2017-12-17T13:54:11.611Z
2017-12-17T14:24:11.613Z
2017-12-17T14:54:11.618Z
[0mGET / [0m- [0m- ms - -[0m
ClientIP: undefined
2017-12-17T15:24:11.622Z
2017-12-17T15:54:11.625Z
2017-12-17T16:24:11.627Z
2017-12-17T16:54:11.628Z
2017-12-17T17:24:11.633Z
2017-12-17T17:54:11.637Z
2017-12-17T18:24:11.640Z
2017-12-17T18:54:11.641Z
2017-12-17T19:24:11.642Z
2017-12-17T19:54:11.646Z
2017-12-17T20:24:11.649Z
2017-12-17T20:54:11.651Z
[0mGET / [0m- [0m- ms - -[0m
ClientIP: undefined
2017-12-17T21:24:11.652Z
2017-12-17T21:54:11.658Z
2017-12-17T22:24:11.662Z
2017-12-17T22:54:11.666Z
2017-12-17T23:24:11.668Z
2017-12-17T23:54:11.670Z
2017-12-18T00:24:11.671Z
2017-12-18T00:54:11.675Z
2017-12-18T01:24:11.679Z
2017-12-18T01:54:11.682Z
ClientIP: ::ffff:209.126.136.5
[0mGET / [32m200 [0m0.728 ms - 5983[0m
2017-12-18T02:24:11.684Z
2017-12-18T02:54:11.685Z
ClientIP: ::ffff:122.112.210.98
[0mGET / [32m200 [0m0.779 ms - 5983[0m
ClientIP: ::ffff:122.112.210.98
[0mOPTIONS / [32m200 [0m0.769 ms - 8[0m
ClientIP: ::ffff:122.112.210.98
[0mGET /nice%20ports%2C/Tri%6Eity.txt%2ebak [33m404 [0m14.510 ms - 1064[0m
2017-12-18T03:24:11.689Z
2017-12-18T03:54:11.692Z
2017-12-18T04:24:11.694Z
2017-12-18T04:54:11.695Z
2017-12-18T05:24:11.699Z
2017-12-18T05:54:11.703Z
2017-12-18T06:24:11.705Z
ClientIP: ::ffff:114.80.124.182
[0mGET / [32m200 [0m0.685 ms - 5983[0m
[0mGET /javascripts/dataprocessing.js [32m200 [0m0.429 ms - 4800[0m
ClientIP: ::ffff:114.80.124.182
[0mGET /favicon.ico [33m404 [0m11.243 ms - 1064[0m
ClientIP: ::ffff:114.80.124.182
[0mGET /idquery?id=2 [32m200 [0m1.191 ms - 58[0m
ClientIP: ::ffff:114.80.124.182
[0mPOST /iddelete [32m200 [0m30.285 ms - 18[0m
ClientIP: ::ffff:114.80.124.182
[0mGET /idquery?id=2 [36m304 [0m1.088 ms - -[0m
ClientIP: ::ffff:114.80.124.182
[0mGET /idquery?id=2 [36m304 [0m1.053 ms - -[0m
ClientIP: ::ffff:114.80.124.182
[0mPOST /addsubmit [32m200 [0m4.089 ms - 12[0m
ClientIP: ::ffff:114.80.124.182
[0mGET /idquery?id=24 [32m200 [0m1.127 ms - 50[0m
ClientIP: ::ffff:114.80.124.182
[0mGET / [36m304 [0m0.633 ms - -[0m
[0mGET /javascripts/dataprocessing.js [36m304 [0m1.177 ms - -[0m
2017-12-18T06:54:11.706Z
ClientIP: ::ffff:114.80.124.182
[0mGET /idquery?id=2 [36m304 [0m1.097 ms - -[0m
ClientIP: ::ffff:114.80.124.182
[0mPOST /iddelete [32m200 [0m3.333 ms - 18[0m
ClientIP: ::ffff:114.80.124.182
[0mGET /idquery?id=2 [32m200 [0m1.009 ms - 21[0m
ClientIP: ::ffff:114.80.124.182
[0mPOST /addsubmit [32m200 [0m3.146 ms - 14[0m
ClientIP: ::ffff:114.80.124.182
[0mGET /idquery?id=25 [32m200 [0m1.062 ms - 51[0m
ClientIP: ::ffff:114.80.124.182
[0mPOST /iddelete [32m200 [0m3.642 ms - 18[0m
ClientIP: ::ffff:114.80.124.182
[0mGET /idquery?id=25 [32m200 [0m1.000 ms - 21[0m
ClientIP: ::ffff:114.80.124.182
[0mGET / [36m304 [0m0.857 ms - -[0m
[0mGET /javascripts/dataprocessing.js [36m304 [0m0.226 ms - -[0m
2017-12-18T07:24:11.711Z
2017-12-18T07:54:11.715Z
2017-12-18T08:24:11.719Z
2017-12-18T08:54:11.720Z
2017-12-18T09:24:11.722Z
2017-12-18T09:54:11.721Z
2017-12-18T10:24:11.725Z
2017-12-18T10:54:11.728Z
2017-12-18T11:24:11.730Z
2017-12-18T11:54:11.731Z
2017-12-18T12:24:11.735Z
2017-12-18T12:54:11.739Z
2017-12-18T13:24:11.741Z
2017-12-18T13:54:11.742Z
2017-12-18T14:24:11.747Z
2017-12-18T14:54:11.750Z
2017-12-18T15:24:11.753Z
2017-12-18T15:54:11.754Z
2017-12-18T16:24:11.755Z
2017-12-18T16:54:11.759Z
2017-12-18T17:24:11.761Z
2017-12-18T17:54:11.763Z
2017-12-18T18:24:11.763Z
2017-12-18T18:54:11.767Z
2017-12-18T19:24:11.769Z
2017-12-18T19:54:11.771Z
2017-12-18T20:24:11.773Z
2017-12-18T20:54:11.774Z
2017-12-18T21:24:11.778Z
2017-12-18T21:54:11.781Z
2017-12-18T22:24:11.783Z
2017-12-18T22:54:11.784Z
2017-12-18T23:24:11.784Z
2017-12-18T23:54:11.788Z
2017-12-19T00:24:11.791Z
2017-12-19T00:54:11.793Z
2017-12-19T01:24:11.795Z
2017-12-19T01:54:11.794Z
2017-12-19T02:24:11.798Z
2017-12-19T02:54:11.801Z
2017-12-19T03:24:11.803Z
2017-12-19T03:54:11.804Z
2017-12-19T04:24:11.809Z
2017-12-19T04:54:11.813Z
2017-12-19T05:24:11.816Z
2017-12-19T05:54:11.817Z
2017-12-19T06:24:11.818Z
2017-12-19T06:54:11.818Z
2017-12-19T07:24:11.823Z
2017-12-19T07:54:11.826Z
2017-12-19T08:24:11.828Z
2017-12-19T08:54:11.830Z
2017-12-19T09:24:11.835Z
2017-12-19T09:54:11.839Z
2017-12-19T10:24:11.841Z
2017-12-19T10:54:11.843Z
2017-12-19T11:24:11.843Z
2017-12-19T11:54:11.848Z
2017-12-19T12:24:11.851Z
2017-12-19T12:54:11.853Z
2017-12-19T13:24:11.853Z
2017-12-19T13:54:11.857Z
2017-12-19T14:24:11.860Z
2017-12-19T14:54:11.862Z
2017-12-19T15:24:11.863Z
2017-12-19T15:54:11.868Z
2017-12-19T16:24:11.872Z
2017-12-19T16:54:11.875Z
2017-12-19T17:24:11.877Z
2017-12-19T17:54:11.878Z
2017-12-19T18:24:11.883Z
2017-12-19T18:54:11.887Z
ClientIP: ::ffff:173.255.237.196
[0mGET / [32m200 [0m0.746 ms - 5983[0m
2017-12-19T19:24:11.890Z
2017-12-19T19:54:11.892Z
2017-12-19T20:24:11.893Z
2017-12-19T20:54:11.898Z
2017-12-19T21:24:11.902Z
2017-12-19T21:54:11.905Z
2017-12-19T22:24:11.907Z
2017-12-19T22:54:11.909Z
2017-12-19T23:24:11.910Z
2017-12-19T23:54:11.914Z
2017-12-20T00:24:11.915Z
2017-12-20T00:54:11.918Z
2017-12-20T01:24:11.918Z
2017-12-20T01:54:11.918Z
2017-12-20T02:24:11.921Z
2017-12-20T02:54:11.924Z
2017-12-20T03:24:11.925Z
2017-12-20T03:54:11.926Z
2017-12-20T04:24:11.931Z
2017-12-20T04:54:11.934Z
2017-12-20T05:24:11.937Z
2017-12-20T05:54:11.938Z
2017-12-20T06:24:11.943Z
2017-12-20T06:54:11.947Z
2017-12-20T07:24:11.951Z
2017-12-20T07:54:11.953Z
[0mGET / [0m- [0m- ms - -[0m
ClientIP: undefined
2017-12-20T08:24:11.954Z
2017-12-20T08:54:11.954Z
2017-12-20T09:24:11.958Z
2017-12-20T09:54:11.961Z
2017-12-20T10:24:11.963Z
2017-12-20T10:54:11.964Z
2017-12-20T11:24:11.969Z
2017-12-20T11:54:11.973Z
2017-12-20T12:24:11.975Z
2017-12-20T12:54:11.976Z
2017-12-20T13:24:11.976Z
2017-12-20T13:54:11.981Z
2017-12-20T14:24:11.983Z
2017-12-20T14:54:11.985Z
2017-12-20T15:24:11.991Z
2017-12-20T15:54:11.994Z
ClientIP: ::ffff:118.112.17.16
[0mGET / [32m200 [0m0.673 ms - 5983[0m
2017-12-20T16:24:11.996Z
2017-12-20T16:54:11.998Z
2017-12-20T17:24:11.999Z
2017-12-20T17:54:12.000Z
2017-12-20T18:24:12.005Z
2017-12-20T18:54:12.009Z
2017-12-20T19:24:12.011Z
2017-12-20T19:54:12.013Z
2017-12-20T20:24:12.014Z
[0mGET / [0m- [0m- ms - -[0m
ClientIP: undefined
2017-12-20T20:54:12.018Z
2017-12-20T21:24:12.021Z
2017-12-20T21:54:12.024Z
2017-12-20T22:24:12.025Z
2017-12-20T22:54:12.030Z
2017-12-20T23:24:12.033Z
2017-12-20T23:54:12.036Z
2017-12-21T00:24:12.037Z
2017-12-21T00:54:12.038Z
2017-12-21T01:24:12.043Z
2017-12-21T01:54:12.046Z
2017-12-21T02:24:12.049Z
2017-12-21T02:54:12.051Z
2017-12-21T03:24:12.057Z
2017-12-21T03:54:12.061Z
2017-12-21T04:24:12.064Z
2017-12-21T04:54:12.066Z
2017-12-21T05:24:12.067Z
2017-12-21T05:54:12.072Z
2017-12-21T06:24:12.076Z
2017-12-21T06:54:12.079Z
2017-12-21T07:24:12.080Z
2017-12-21T07:54:12.081Z
2017-12-21T08:24:12.086Z
2017-12-21T08:54:12.089Z
2017-12-21T09:24:12.092Z
2017-12-21T09:54:12.093Z
2017-12-21T10:24:12.094Z
2017-12-21T10:54:12.098Z
2017-12-21T11:24:12.101Z
2017-12-21T11:54:12.103Z
2017-12-21T12:24:12.104Z
2017-12-21T12:54:12.109Z
2017-12-21T13:24:12.113Z
2017-12-21T13:54:12.116Z
2017-12-21T14:24:12.118Z
2017-12-21T14:54:12.119Z
2017-12-21T15:24:12.124Z
2017-12-21T15:54:12.128Z
2017-12-21T16:24:12.130Z
2017-12-21T16:54:12.131Z
2017-12-21T17:24:12.132Z
2017-12-21T17:54:12.137Z
2017-12-21T18:24:12.140Z
2017-12-21T18:54:12.141Z
2017-12-21T19:24:12.142Z
2017-12-21T19:54:12.144Z
2017-12-21T20:24:12.146Z
2017-12-21T20:54:12.149Z
2017-12-21T21:24:12.151Z
2017-12-21T21:54:12.151Z
2017-12-21T22:24:12.155Z
2017-12-21T22:54:12.157Z
2017-12-21T23:24:12.159Z
2017-12-21T23:54:12.160Z
2017-12-22T00:24:12.164Z
2017-12-22T00:54:12.167Z
2017-12-22T01:24:12.169Z
2017-12-22T01:54:12.171Z
2017-12-22T02:24:12.172Z
2017-12-22T02:54:12.176Z
2017-12-22T03:24:12.178Z
2017-12-22T03:54:12.179Z
2017-12-22T04:24:12.180Z
2017-12-22T04:54:12.184Z
2017-12-22T05:24:12.187Z
2017-12-22T05:54:12.189Z
2017-12-22T06:24:12.190Z
2017-12-22T06:54:12.195Z
2017-12-22T07:24:12.197Z
2017-12-22T07:54:12.200Z
2017-12-22T08:24:12.202Z
2017-12-22T08:54:12.203Z
2017-12-22T09:24:12.207Z
2017-12-22T09:54:12.211Z
2017-12-22T10:24:12.213Z
2017-12-22T10:54:12.215Z
2017-12-22T11:24:12.221Z
2017-12-22T11:54:12.225Z
2017-12-22T12:24:12.228Z
2017-12-22T12:54:12.231Z
2017-12-22T13:24:12.232Z
2017-12-22T13:54:12.237Z
2017-12-22T14:24:12.241Z
2017-12-22T14:54:12.243Z
2017-12-22T15:24:12.244Z
2017-12-22T15:54:12.250Z
2017-12-22T16:24:12.253Z
2017-12-22T16:54:12.256Z
2017-12-22T17:24:12.258Z
2017-12-22T17:54:12.259Z
2017-12-22T18:24:12.264Z
2017-12-22T18:54:12.268Z
2017-12-22T19:24:12.270Z
2017-12-22T19:54:12.271Z
2017-12-22T20:24:12.276Z
2017-12-22T20:54:12.281Z
2017-12-22T21:24:12.284Z
2017-12-22T21:54:12.285Z
2017-12-22T22:24:12.286Z
2017-12-22T22:54:12.291Z
2017-12-22T23:24:12.296Z
2017-12-22T23:54:12.298Z
2017-12-23T00:24:12.300Z
2017-12-23T00:54:12.299Z
2017-12-23T01:24:12.304Z
2017-12-23T01:54:12.307Z
2017-12-23T02:24:12.309Z
2017-12-23T02:54:12.310Z
2017-12-23T03:24:12.315Z
2017-12-23T03:54:12.319Z
2017-12-23T04:24:12.322Z
2017-12-23T04:54:12.324Z
2017-12-23T05:24:12.325Z
[0mGET / [0m- [0m- ms - -[0m
ClientIP: undefined
2017-12-23T05:54:12.330Z
2017-12-23T06:24:12.334Z
2017-12-23T06:54:12.336Z
2017-12-23T07:24:12.337Z
2017-12-23T07:54:12.338Z
2017-12-23T08:24:12.342Z
2017-12-23T08:54:12.345Z
2017-12-23T09:24:12.347Z
2017-12-23T09:54:12.349Z
2017-12-23T10:24:12.349Z
2017-12-23T10:54:12.353Z
2017-12-23T11:24:12.356Z
2017-12-23T11:54:12.359Z
2017-12-23T12:24:12.359Z
2017-12-23T12:54:12.360Z
2017-12-23T13:24:12.364Z
2017-12-23T13:54:12.368Z
2017-12-23T14:24:12.371Z
2017-12-23T14:54:12.373Z
2017-12-23T15:24:12.374Z
2017-12-23T15:54:12.379Z
2017-12-23T16:24:12.382Z
2017-12-23T16:54:12.384Z
2017-12-23T17:24:12.385Z
2017-12-23T17:54:12.389Z
2017-12-23T18:24:12.393Z
2017-12-23T18:54:12.395Z
2017-12-23T19:24:12.396Z
2017-12-23T19:54:12.396Z
2017-12-23T20:24:12.400Z
2017-12-23T20:54:12.403Z
2017-12-23T21:24:12.404Z
2017-12-23T21:54:12.405Z
2017-12-23T22:24:12.410Z
2017-12-23T22:54:12.414Z
2017-12-23T23:24:12.417Z
2017-12-23T23:54:12.419Z
[0mGET / [0m- [0m- ms - -[0m
ClientIP: undefined
2017-12-24T00:24:12.420Z
2017-12-24T00:54:12.425Z
2017-12-24T01:24:12.429Z
2017-12-24T01:54:12.431Z
2017-12-24T02:24:12.432Z
2017-12-24T02:54:12.435Z
2017-12-24T03:24:12.439Z
2017-12-24T03:54:12.442Z
2017-12-24T04:24:12.443Z
2017-12-24T04:54:12.448Z
2017-12-24T05:24:12.452Z
2017-12-24T05:54:12.455Z
2017-12-24T06:24:12.457Z
2017-12-24T06:54:12.459Z
2017-12-24T07:24:12.465Z
2017-12-24T07:54:12.469Z
2017-12-24T08:24:12.472Z
2017-12-24T08:54:12.474Z
2017-12-24T09:24:12.476Z
2017-12-24T09:54:12.477Z
2017-12-24T10:24:12.482Z
2017-12-24T10:54:12.487Z
2017-12-24T11:24:12.490Z
2017-12-24T11:54:12.492Z
2017-12-24T12:24:12.493Z
2017-12-24T12:54:12.494Z
2017-12-24T13:24:12.498Z
ClientIP: ::ffff:158.85.81.122
[0mGET / [32m200 [0m0.710 ms - 5983[0m
2017-12-24T13:54:12.502Z
2017-12-24T14:24:12.505Z
2017-12-24T14:54:12.507Z
2017-12-24T15:24:12.508Z
2017-12-24T15:54:12.513Z
2017-12-24T16:24:12.517Z
2017-12-24T16:54:12.520Z
2017-12-24T17:24:12.522Z
2017-12-24T17:54:12.521Z
2017-12-24T18:24:12.526Z
2017-12-24T18:54:12.529Z
2017-12-24T19:24:12.531Z
2017-12-24T19:54:12.532Z
2017-12-24T20:24:12.537Z
2017-12-24T20:54:12.541Z
2017-12-24T21:24:12.544Z
2017-12-24T21:54:12.546Z
2017-12-24T22:24:12.546Z
2017-12-24T22:54:12.551Z
2017-12-24T23:24:12.553Z
2017-12-24T23:54:12.556Z
2017-12-25T00:24:12.557Z
ClientIP: ::ffff:209.126.136.5
[0mGET / [32m200 [0m0.690 ms - 5983[0m
2017-12-25T00:54:12.562Z
2017-12-25T01:24:12.566Z
2017-12-25T01:54:12.569Z
2017-12-25T02:24:12.570Z
2017-12-25T02:54:12.571Z
2017-12-25T03:24:12.575Z
2017-12-25T03:54:12.579Z
2017-12-25T04:24:12.582Z
2017-12-25T04:54:12.584Z
2017-12-25T05:24:12.584Z
2017-12-25T05:54:12.589Z
2017-12-25T06:24:12.592Z
2017-12-25T06:54:12.594Z
2017-12-25T07:24:12.595Z
2017-12-25T07:54:12.600Z
2017-12-25T08:24:12.604Z
2017-12-25T08:54:12.607Z
2017-12-25T09:24:12.609Z
2017-12-25T09:54:12.614Z
2017-12-25T10:24:12.618Z
2017-12-25T10:54:12.621Z
2017-12-25T11:24:12.623Z
2017-12-25T11:54:12.624Z
2017-12-25T12:24:12.629Z
2017-12-25T12:54:12.632Z
2017-12-25T13:24:12.634Z
2017-12-25T13:54:12.635Z
2017-12-25T14:24:12.635Z
2017-12-25T14:54:12.639Z
2017-12-25T15:24:12.641Z
2017-12-25T15:54:12.642Z
2017-12-25T16:24:12.646Z
2017-12-25T16:54:12.650Z
2017-12-25T17:24:12.652Z
2017-12-25T17:54:12.653Z
2017-12-25T18:24:12.658Z
2017-12-25T18:54:12.662Z
2017-12-25T19:24:12.664Z
2017-12-25T19:54:12.666Z
[0mGET / [0m- [0m- ms - -[0m
ClientIP: undefined
2017-12-25T20:24:12.670Z
2017-12-25T20:54:12.674Z
2017-12-25T21:24:12.676Z
2017-12-25T21:54:12.677Z
2017-12-25T22:24:12.680Z
2017-12-25T22:54:12.683Z
2017-12-25T23:24:12.685Z
2017-12-25T23:54:12.687Z
2017-12-26T00:24:12.692Z
2017-12-26T00:54:12.696Z
2017-12-26T01:24:12.699Z
2017-12-26T01:54:12.701Z
2017-12-26T02:24:12.702Z
2017-12-26T02:54:12.707Z
2017-12-26T03:24:12.711Z
2017-12-26T03:54:12.713Z
2017-12-26T04:24:12.714Z
2017-12-26T04:54:12.719Z
2017-12-26T05:24:12.723Z
2017-12-26T05:54:12.725Z
2017-12-26T06:24:12.727Z
2017-12-26T06:54:12.727Z
2017-12-26T07:24:12.730Z
2017-12-26T07:54:12.733Z
2017-12-26T08:24:12.735Z
2017-12-26T08:54:12.740Z
2017-12-26T09:24:12.744Z
2017-12-26T09:54:12.748Z
2017-12-26T10:24:12.750Z
2017-12-26T10:54:12.751Z
2017-12-26T11:24:12.752Z
2017-12-26T11:54:12.757Z
2017-12-26T12:24:12.762Z
2017-12-26T12:54:12.765Z
2017-12-26T13:24:12.767Z
2017-12-26T13:54:12.769Z
2017-12-26T14:24:12.770Z
2017-12-26T14:54:12.771Z
2017-12-26T15:24:12.776Z
2017-12-26T15:54:12.780Z
2017-12-26T16:24:12.783Z
2017-12-26T16:54:12.784Z
2017-12-26T17:24:12.785Z
2017-12-26T17:54:12.786Z
2017-12-26T18:24:12.791Z
2017-12-26T18:54:12.795Z
2017-12-26T19:24:12.798Z
2017-12-26T19:54:12.800Z
2017-12-26T20:24:12.801Z
ClientIP: ::ffff:125.212.217.214
[0mGET / [32m200 [0m0.755 ms - 5983[0m
ClientIP: ::ffff:125.212.217.214
[0mGET /favicon.ico [33m404 [0m17.291 ms - 1064[0m
2017-12-26T20:54:12.805Z
2017-12-26T21:24:12.808Z
2017-12-26T21:54:12.811Z
2017-12-26T22:24:12.811Z
2017-12-26T22:54:12.812Z
2017-12-26T23:24:12.816Z
2017-12-26T23:54:12.820Z
2017-12-27T00:24:12.823Z
2017-12-27T00:54:12.825Z
2017-12-27T01:24:12.826Z
2017-12-27T01:54:12.831Z
2017-12-27T02:24:12.835Z
2017-12-27T02:54:12.839Z
2017-12-27T03:24:12.842Z
2017-12-27T03:54:12.844Z
2017-12-27T04:24:12.845Z
2017-12-27T04:54:12.845Z
2017-12-27T05:24:12.850Z
2017-12-27T05:54:12.853Z
2017-12-27T06:24:12.856Z
2017-12-27T06:54:12.858Z
2017-12-27T07:24:12.859Z
2017-12-27T07:54:12.864Z
2017-12-27T08:24:12.868Z
[0mGET / [0m- [0m- ms - -[0m
ClientIP: undefined
2017-12-27T08:54:12.871Z
2017-12-27T09:24:12.874Z
2017-12-27T09:54:12.874Z
2017-12-27T10:24:12.874Z
2017-12-27T10:54:12.879Z
2017-12-27T11:24:12.883Z
2017-12-27T11:54:12.886Z
2017-12-27T12:24:12.887Z
2017-12-27T12:54:12.888Z
2017-12-27T13:24:12.889Z
2017-12-27T13:54:12.894Z
2017-12-27T14:24:12.898Z
2017-12-27T14:54:12.901Z
2017-12-27T15:24:12.902Z
2017-12-27T15:54:12.903Z
ClientIP: ::ffff:158.85.81.123
[0mGET / [32m200 [0m0.691 ms - 5983[0m
2017-12-27T16:24:12.908Z
2017-12-27T16:54:12.912Z
2017-12-27T17:24:12.916Z
2017-12-27T17:54:12.919Z
2017-12-27T18:24:12.920Z
2017-12-27T18:54:12.925Z
2017-12-27T19:24:12.930Z
2017-12-27T19:54:12.934Z
2017-12-27T20:24:12.937Z
2017-12-27T20:54:12.939Z
2017-12-27T21:24:12.941Z
2017-12-27T21:54:12.941Z
2017-12-27T22:24:12.946Z
2017-12-27T22:54:12.950Z
2017-12-27T23:24:12.954Z
2017-12-27T23:54:12.957Z
2017-12-28T00:24:12.959Z
2017-12-28T00:54:12.960Z
2017-12-28T01:24:12.965Z
2017-12-28T01:54:12.969Z
2017-12-28T02:24:12.972Z
2017-12-28T02:54:12.975Z
2017-12-28T03:24:12.977Z
2017-12-28T03:54:12.976Z
2017-12-28T04:24:12.981Z
2017-12-28T04:54:12.985Z
2017-12-28T05:24:12.988Z
2017-12-28T05:54:12.990Z
2017-12-28T06:24:12.990Z
2017-12-28T06:54:12.995Z
2017-12-28T07:24:13.000Z
ClientIP: ::ffff:94.102.49.190
[0mGET / [32m200 [0m0.727 ms - 5983[0m
ClientIP: ::ffff:94.102.49.190
[0mGET /favicon.ico [33m404 [0m9.639 ms - 1064[0m
2017-12-28T07:54:13.003Z
2017-12-28T08:24:13.006Z
2017-12-28T08:54:13.008Z
2017-12-28T09:24:13.008Z
2017-12-28T09:54:13.013Z
2017-12-28T10:24:13.018Z
2017-12-28T10:54:13.022Z
2017-12-28T11:24:13.024Z
2017-12-28T11:54:13.025Z
2017-12-28T12:24:13.026Z
2017-12-28T12:54:13.027Z
2017-12-28T13:24:13.032Z
2017-12-28T13:54:13.037Z
2017-12-28T14:24:13.041Z
2017-12-28T14:54:13.044Z
2017-12-28T15:24:13.045Z
2017-12-28T15:54:13.046Z
2017-12-28T16:24:13.050Z
2017-12-28T16:54:13.053Z
2017-12-28T17:24:13.056Z
2017-12-28T17:54:13.057Z
2017-12-28T18:24:13.062Z
2017-12-28T18:54:13.066Z
2017-12-28T19:24:13.069Z
2017-12-28T19:54:13.070Z
2017-12-28T20:24:13.071Z
2017-12-28T20:54:13.076Z
2017-12-28T21:24:13.081Z
2017-12-28T21:54:13.085Z
2017-12-28T22:24:13.088Z
2017-12-28T22:54:13.090Z
2017-12-28T23:24:13.092Z
2017-12-28T23:54:13.097Z
2017-12-29T00:24:13.101Z
2017-12-29T00:54:13.104Z
2017-12-29T01:24:13.106Z
2017-12-29T01:54:13.108Z
2017-12-29T02:24:13.108Z
2017-12-29T02:54:13.113Z
2017-12-29T03:24:13.116Z
2017-12-29T03:54:13.117Z
2017-12-29T04:24:13.118Z
2017-12-29T04:54:13.122Z
2017-12-29T05:24:13.126Z
2017-12-29T05:54:13.129Z
2017-12-29T06:24:13.130Z
2017-12-29T06:54:13.135Z
2017-12-29T07:24:13.139Z
2017-12-29T07:54:13.141Z
2017-12-29T08:24:13.142Z
2017-12-29T08:54:13.147Z
2017-12-29T09:24:13.150Z
2017-12-29T09:54:13.152Z
2017-12-29T10:24:13.154Z
2017-12-29T10:54:13.158Z
2017-12-29T11:24:13.162Z
[0mGET / [0m- [0m- ms - -[0m
ClientIP: undefined
2017-12-29T11:54:13.165Z
2017-12-29T12:24:13.168Z
2017-12-29T12:54:13.170Z
2017-12-29T13:24:13.170Z
2017-12-29T13:54:13.173Z
2017-12-29T14:24:13.177Z
2017-12-29T14:54:13.180Z
2017-12-29T15:24:13.182Z
2017-12-29T15:54:13.183Z
2017-12-29T16:24:13.184Z
2017-12-29T16:54:13.189Z
2017-12-29T17:24:13.193Z
2017-12-29T17:54:13.197Z
2017-12-29T18:24:13.199Z
2017-12-29T18:54:13.201Z
2017-12-29T19:24:13.201Z
2017-12-29T19:54:13.206Z
2017-12-29T20:24:13.211Z
2017-12-29T20:54:13.214Z
2017-12-29T21:24:13.216Z
2017-12-29T21:54:13.218Z
2017-12-29T22:24:13.219Z
2017-12-29T22:54:13.224Z
2017-12-29T23:24:13.227Z
2017-12-29T23:54:13.230Z
2017-12-30T00:24:13.232Z
2017-12-30T00:54:13.233Z
2017-12-30T01:24:13.233Z
2017-12-30T01:54:13.238Z
2017-12-30T02:24:13.242Z
2017-12-30T02:54:13.245Z
2017-12-30T03:24:13.247Z
2017-12-30T03:54:13.248Z
2017-12-30T04:24:13.249Z
2017-12-30T04:54:13.254Z
2017-12-30T05:24:13.258Z
ClientIP: ::ffff:151.217.178.37
[0mGET / [32m200 [0m0.712 ms - 5983[0m
2017-12-30T05:54:13.262Z
2017-12-30T06:24:13.264Z
2017-12-30T06:54:13.266Z
2017-12-30T07:24:13.266Z
2017-12-30T07:54:13.271Z
2017-12-30T08:24:13.275Z
2017-12-30T08:54:13.278Z
2017-12-30T09:24:13.280Z
2017-12-30T09:54:13.281Z
2017-12-30T10:24:13.286Z
2017-12-30T10:54:13.290Z
2017-12-30T11:24:13.294Z
2017-12-30T11:54:13.297Z
[0mGET / [0m- [0m- ms - -[0m
ClientIP: undefined
2017-12-30T12:24:13.299Z
2017-12-30T12:54:13.301Z
2017-12-30T13:24:13.302Z
2017-12-30T13:54:13.307Z
2017-12-30T14:24:13.311Z
2017-12-30T14:54:13.315Z
2017-12-30T15:24:13.318Z
2017-12-30T15:54:13.320Z
2017-12-30T16:24:13.321Z
2017-12-30T16:54:13.322Z
2017-12-30T17:24:13.327Z
2017-12-30T17:54:13.331Z
2017-12-30T18:24:13.333Z
2017-12-30T18:54:13.335Z
2017-12-30T19:24:13.337Z
2017-12-30T19:54:13.341Z
2017-12-30T20:24:13.346Z
2017-12-30T20:54:13.349Z
2017-12-30T21:24:13.352Z
2017-12-30T21:54:13.354Z
2017-12-30T22:24:13.355Z
2017-12-30T22:54:13.356Z
2017-12-30T23:24:13.361Z
2017-12-30T23:54:13.365Z
ClientIP: ::ffff:169.54.233.123
[0mGET / [32m200 [0m0.719 ms - 5983[0m
2017-12-31T00:24:13.368Z
2017-12-31T00:54:13.370Z
2017-12-31T01:24:13.372Z
2017-12-31T01:54:13.373Z
2017-12-31T02:24:13.373Z
2017-12-31T02:54:13.378Z
2017-12-31T03:24:13.382Z
2017-12-31T03:54:13.385Z
2017-12-31T04:24:13.388Z
2017-12-31T04:54:13.389Z
2017-12-31T05:24:13.392Z
2017-12-31T05:54:13.396Z
2017-12-31T06:24:13.398Z
ClientIP: ::ffff:116.226.216.159
[0mGET / [32m200 [0m1.288 ms - 5983[0m
[0mGET /javascripts/dataprocessing.js [32m200 [0m0.754 ms - 4800[0m
ClientIP: ::ffff:116.226.216.159
[0mGET /favicon.ico [33m404 [0m22.173 ms - 1064[0m
ClientIP: ::ffff:116.226.216.159
[0mGET /idquery=1 [33m404 [0m19.632 ms - 1064[0m
[0mGET /stylesheets/style.css [32m200 [0m17.494 ms - 111[0m
ClientIP: ::ffff:116.226.216.159
[0mGET /?idquery=1 [32m200 [0m1.214 ms - 5983[0m
[0mGET /javascripts/dataprocessing.js [36m304 [0m0.571 ms - -[0m
ClientIP: ::ffff:116.226.216.159
[0mGET /?idquery=1 [36m304 [0m1.799 ms - -[0m
[0mGET /javascripts/dataprocessing.js [36m304 [0m0.473 ms - -[0m
ClientIP: ::ffff:116.226.216.159
[0mGET /idquery?id=1 [32m200 [0m1.425 ms - 58[0m
ClientIP: ::ffff:116.226.216.159
[0mGET /idquery?id=2 [32m200 [0m1.545 ms - 21[0m
ClientIP: ::ffff:116.226.216.159
[0mGET /idquery?id=3 [32m200 [0m1.318 ms - 21[0m
ClientIP: ::ffff:116.226.216.159
[0mGET /idquery?id=1 [36m304 [0m1.429 ms - -[0m
ClientIP: ::ffff:116.226.216.159
[0mGET /idquery?id=5 [32m200 [0m1.277 ms - 21[0m
ClientIP: ::ffff:116.226.216.159
[0mGET /idquery?id=9 [32m200 [0m1.361 ms - 54[0m
2017-12-31T06:54:13.400Z
ClientIP: ::ffff:116.226.216.159
[0mGET / [36m304 [0m0.761 ms - -[0m
[0mGET /javascripts/dataprocessing.js [36m304 [0m0.490 ms - -[0m
ClientIP: ::ffff:116.226.216.159
[0mGET /idquery?id=1 [36m304 [0m1.452 ms - -[0m
2017-12-31T07:24:13.400Z
2017-12-31T07:54:13.404Z
2017-12-31T08:24:13.407Z
ClientIP: ::ffff:116.226.216.159
[0mGET / [36m304 [0m0.779 ms - -[0m
[0mGET /javascripts/dataprocessing.js [36m304 [0m0.474 ms - -[0m
ClientIP: ::ffff:116.226.216.159
[0mGET /idquery?id=1 [36m304 [0m1.520 ms - -[0m
Running in 3000
ClientIP: ::ffff:116.226.216.159
[0mGET / [36m304 [0m10.219 ms - -[0m
[0mGET /javascripts/dataprocessing.js [36m304 [0m1.153 ms - -[0m
ClientIP: ::ffff:116.226.216.159
[0mGET /idquery?id=1 [36m304 [0m4.879 ms - -[0m
2017-12-31T09:20:14.907Z
2017-12-31T09:50:14.909Z
2017-12-31T10:20:14.909Z
2017-12-31T10:50:14.911Z
2017-12-31T11:20:14.914Z
2017-12-31T11:50:14.915Z
2017-12-31T12:20:14.920Z
2017-12-31T12:50:14.924Z
2017-12-31T13:20:14.926Z
2017-12-31T13:50:14.927Z
2017-12-31T14:20:14.932Z
2017-12-31T14:50:14.936Z
2017-12-31T15:20:14.939Z
2017-12-31T15:50:14.941Z
2017-12-31T16:20:14.943Z
2017-12-31T16:50:14.944Z
2017-12-31T17:20:14.948Z
2017-12-31T17:50:14.951Z
2017-12-31T18:20:14.953Z
2017-12-31T18:50:14.954Z
2017-12-31T19:20:14.959Z
2017-12-31T19:50:14.963Z
2017-12-31T20:20:14.967Z
2017-12-31T20:50:14.969Z
2017-12-31T21:20:14.971Z
2017-12-31T21:50:14.971Z
2017-12-31T22:20:14.976Z
2017-12-31T22:50:14.979Z
2017-12-31T23:20:14.981Z
2017-12-31T23:50:14.981Z
2018-01-01T00:20:14.986Z
2018-01-01T00:50:14.990Z
2018-01-01T01:20:14.993Z
2018-01-01T01:50:14.995Z
2018-01-01T02:20:14.996Z
2018-01-01T02:50:15.002Z
2018-01-01T03:20:15.006Z
2018-01-01T03:50:15.009Z
2018-01-01T04:20:15.010Z
2018-01-01T04:50:15.014Z
Running in 3000
ClientIP: ::ffff:116.226.216.159
[0mGET / [36m304 [0m6.916 ms - -[0m
[0mGET /javascripts/dataprocessing.js [36m304 [0m0.614 ms - -[0m
ClientIP: ::ffff:116.226.216.159
[0mGET /idquery?id=1 [36m304 [0m2.947 ms - -[0m
ClientIP: ::ffff:116.226.216.159
[0mGET /idquery?id=1 [36m304 [0m1.321 ms - -[0m
ClientIP: ::ffff:116.226.216.159
[0mGET /idquery?id=1 [32m200 [0m1.481 ms - 58[0m
ClientIP: ::ffff:116.226.216.159
[0mGET /idquery?id=1 [36m304 [0m1.112 ms - -[0m
2018-01-01T05:49:47.040Z
Running in 3000
ClientIP: ::ffff:116.226.216.159
[0mGET /idquery?id=1 [36m304 [0m11.304 ms - -[0m
ClientIP: ::ffff:116.226.216.159
[0mGET /idquery?id=1 [36m304 [0m2.429 ms - -[0m
ClientIP: ::ffff:116.226.216.159
[0mGET /idquery?id=1 [36m304 [0m1.898 ms - -[0m
ClientIP: ::ffff:116.226.216.159
[0mGET /idquery?id=1 [36m304 [0m1.799 ms - -[0m
ClientIP: ::ffff:116.226.216.159
[0mGET /idquery?id=1 [36m304 [0m1.758 ms - -[0m
ClientIP: ::ffff:116.226.216.159
[0mGET /idquery?id=1 [36m304 [0m1.791 ms - -[0m
ClientIP: ::ffff:116.226.216.159
[0mGET /idquery?id=1 [36m304 [0m1.700 ms - -[0m
ClientIP: ::ffff:116.226.216.159
[0mGET /idquery?id=1 [36m304 [0m1.637 ms - -[0m
ClientIP: ::ffff:116.226.216.159
[0mGET /idquery?id=1 [36m304 [0m1.611 ms - -[0m
ClientIP: ::ffff:116.226.216.159
[0mGET /idquery?id=1 [36m304 [0m1.716 ms - -[0m
ClientIP: ::ffff:116.226.216.159
[0mGET /idquery?id=1 [36m304 [0m1.470 ms - -[0m
ClientIP: ::ffff:116.226.216.159
[0mGET /idquery?id=1 [36m304 [0m1.631 ms - -[0m
ClientIP: ::ffff:116.226.216.159
[0mGET /idquery?id=1 [36m304 [0m1.567 ms - -[0m
ClientIP: ::ffff:116.226.216.159
[0mGET /idquery?id=1 [36m304 [0m1.767 ms - -[0m
ClientIP: ::ffff:116.226.216.159
[0mGET /idquery?id=1 [36m304 [0m3.088 ms - -[0m
ClientIP: ::ffff:116.226.216.159
[0mGET /idquery?id=1 [36m304 [0m1.681 ms - -[0m
ClientIP: ::ffff:116.226.216.159
[0mGET /idquery?id=1 [36m304 [0m1.618 ms - -[0m
ClientIP: ::ffff:116.226.216.159
[0mGET /idquery?id=1 [36m304 [0m1.621 ms - -[0m
ClientIP: ::ffff:116.226.216.159
[0mGET /idquery?id=1 [36m304 [0m1.201 ms - -[0m
ClientIP: ::ffff:116.226.216.159
[0mGET /idquery?id=1 [36m304 [0m1.721 ms - -[0m
2018-01-01T06:32:41.472Z
ClientIP: ::ffff:116.226.216.159
[0mGET /idquery?id=10 [32m200 [0m2.263 ms - 21[0m
ClientIP: ::ffff:116.226.216.159
[0mGET /idquery?id=17 [32m200 [0m1.733 ms - 21[0m
ClientIP: ::ffff:116.226.216.159
[0mGET /idquery?id=13 [32m200 [0m1.576 ms - 21[0m
ClientIP: ::ffff:116.226.216.159
[0mGET /idquery?id=13 [36m304 [0m1.618 ms - -[0m
ClientIP: ::ffff:116.226.216.159
[0mGET /idquery?id=20 [32m200 [0m1.834 ms - 63[0m
ClientIP: ::ffff:116.226.216.159
[0mGET /idquery?id=20o [32m200 [0m2.346 ms - 63[0m
ClientIP: ::ffff:116.226.216.159
[0mGET /idquery?id=11 [32m200 [0m4.447 ms - 59[0m
ClientIP: ::ffff:116.226.216.159
[0mGET /idquery?id=11sssss [32m200 [0m1.883 ms - 59[0m
ClientIP: ::ffff:116.226.216.159
[0mGET /idquery?id=11.88 [32m200 [0m1.615 ms - 59[0m
ClientIP: ::ffff:116.226.216.159
[0mGET /idquery?id=1 [36m304 [0m1.757 ms - -[0m
ClientIP: ::ffff:116.226.216.159
[0mGET /idquery?id=0 [32m200 [0m1.614 ms - 21[0m
ClientIP: ::ffff:116.226.216.159
[0mGET /idquery?id=3 [32m200 [0m1.600 ms - 21[0m
ClientIP: ::ffff:116.226.216.159
[0mGET /idquery?id=8 [32m200 [0m2.612 ms - 55[0m
ClientIP: ::ffff:116.226.216.159
[0mGET /idquery?id=1 [36m304 [0m1.657 ms - -[0m
ClientIP: ::ffff:116.226.216.159
[0mGET /idquery?id=1 [36m304 [0m1.730 ms - -[0m
ClientIP: ::ffff:116.226.216.159
[0mGET /idquery?id=2 [32m200 [0m1.703 ms - 21[0m
ClientIP: ::ffff:116.226.216.159
[0mGET /idquery?id=4 [32m200 [0m2.774 ms - 55[0m
ClientIP: ::ffff:116.226.216.159
[0mGET /idquery?id=1 [36m304 [0m1.823 ms - -[0m
ClientIP: ::ffff:116.226.216.159
[0mGET / [32m200 [0m5.945 ms - 5983[0m
ClientIP: ::ffff:116.226.216.159
[0mGET / [36m304 [0m1.677 ms - -[0m
2018-01-01T07:02:41.475Z
ClientIP: ::ffff:116.226.216.159
[0mGET /idquery?id=1 [36m304 [0m1.787 ms - -[0m
ClientIP: ::ffff:116.226.216.159
[0mGET /idquery?id=20 [36m304 [0m1.980 ms - -[0m
ClientIP: ::ffff:116.226.216.159
[0mGET /idquery?id=21 [32m200 [0m1.806 ms - 70[0m
Running in 3000
ClientIP: ::ffff:116.226.216.159
[0mGET / [36m304 [0m11.385 ms - -[0m
ClientIP: ::ffff:116.226.216.159
[0mGET /idquery?id=21 [32m200 [0m25.512 ms - 82[0m
ClientIP: ::ffff:116.226.216.159
[0mGET / [36m304 [0m1.294 ms - -[0m
Running in 3000
ClientIP: ::ffff:116.226.216.159
[0mGET / [36m304 [0m10.685 ms - -[0m
Running in 3000
ClientIP: ::ffff:116.226.216.159
[0mGET / [36m304 [0m14.210 ms - -[0m
ClientIP: ::ffff:116.226.216.159
[0mGET / [36m304 [0m2.025 ms - -[0m
Running in 3000
ClientIP: ::ffff:116.226.216.159
[0mGET / [36m304 [0m9.009 ms - -[0m
ClientIP: ::ffff:116.226.216.159
[0mGET / [36m304 [0m1.538 ms - -[0m
Running in 3000
ClientIP: ::ffff:116.226.216.159
[0mGET / [36m304 [0m15.001 ms - -[0m
ClientIP: ::ffff:116.226.216.159
[0mGET / [32m200 [0m4.476 ms - 5983[0m
[0mGET /javascripts/dataprocessing.js [32m200 [0m3.158 ms - 4800[0m
ClientIP: ::ffff:116.226.216.159
[0mGET / [36m304 [0m1.134 ms - -[0m
[0mGET /javascripts/dataprocessing.js [36m304 [0m0.587 ms - -[0m
ClientIP: ::ffff:116.226.216.159
[0mGET /idquery?id=1 [32m200 [0m4.287 ms - 70[0m
ClientIP: ::ffff:116.226.216.159
[0mGET /idquery?id=28 [32m200 [0m2.203 ms - 21[0m
ClientIP: ::ffff:116.226.216.159
[0mGET /idquery?id=24 [32m200 [0m1.841 ms - 62[0m
ClientIP: ::ffff:116.226.216.159
[0mGET /idquery?id=1 [36m304 [0m1.955 ms - -[0m
ClientIP: ::ffff:116.226.216.159
[0mGET /idquery?id=1 [36m304 [0m1.711 ms - -[0m
ClientIP: ::ffff:116.226.216.159
[0mGET /idquery?id=2 [32m200 [0m1.681 ms - 21[0m
ClientIP: ::ffff:116.226.216.159
[0mGET /idquery?id=2 [36m304 [0m1.480 ms - -[0m
ClientIP: ::ffff:116.226.216.159
[0mGET /idquery?id=6 [32m200 [0m1.738 ms - 70[0m
ClientIP: ::ffff:116.226.216.159
[0mGET /idquery?id=3 [32m200 [0m1.571 ms - 21[0m
ClientIP: ::ffff:209.126.136.5
[0mGET / [32m200 [0m1.206 ms - 5983[0m
ClientIP: ::ffff:116.226.216.159
[0mGET /idquery?id=1 [36m304 [0m1.286 ms - -[0m
ClientIP: ::ffff:116.226.216.159
[0mGET /idquery?id=2 [36m304 [0m1.713 ms - -[0m
ClientIP: ::ffff:116.226.216.159
[0mGET /idquery?id=2 [36m304 [0m1.766 ms - -[0m
2018-01-01T07:48:20.119Z
ClientIP: ::ffff:116.226.216.159
[0mGET /idquery?id=2 [36m304 [0m1.646 ms - -[0m
ClientIP: ::ffff:116.226.216.159
[0mGET /idquery?id=1 [36m304 [0m1.661 ms - -[0m
ClientIP: ::ffff:116.226.216.159
[0mGET /idquery?id=2 [36m304 [0m1.614 ms - -[0m
ClientIP: ::ffff:116.226.216.159
[0mGET /idquery?id=2 [36m304 [0m1.619 ms - -[0m
ClientIP: ::ffff:116.226.216.159
[0mGET /idquery?id=2 [36m304 [0m28.538 ms - -[0m
ClientIP: ::ffff:116.226.216.159
[0mGET /idquery?id=2 [36m304 [0m5.935 ms - -[0m
ClientIP: ::ffff:116.226.216.159
[0mGET /idquery?id=2 [36m304 [0m2.221 ms - -[0m
ClientIP: ::ffff:116.226.216.159
[0mGET /idquery?id=1 [36m304 [0m2.011 ms - -[0m
ClientIP: ::ffff:116.226.216.159
[0mGET /idquery?id=2 [36m304 [0m1.788 ms - -[0m
ClientIP: ::ffff:116.226.216.159
[0mGET /idquery?id=1 [36m304 [0m1.752 ms - -[0m
ClientIP: ::ffff:116.226.216.159
ClientIP: ::ffff:116.226.216.159
[0mGET /idquery?id=2 [36m304 [0m2.140 ms - -[0m
[0mGET /idquery?id=1 [36m304 [0m2.730 ms - -[0m
ClientIP: ::ffff:116.226.216.159
ClientIP: ::ffff:116.226.216.159
[0mGET /idquery?id=1 [36m304 [0m2.182 ms - -[0m
[0mGET /idquery?id=2 [36m304 [0m2.598 ms - -[0m
ClientIP: ::ffff:116.226.216.159
[0mGET /idquery?id=1 [36m304 [0m1.630 ms - -[0m
ClientIP: ::ffff:116.226.216.159
[0mGET /idquery?id=1 [36m304 [0m1.581 ms - -[0m
ClientIP: ::ffff:116.226.216.159
[0mGET /idquery?id=6 [36m304 [0m1.305 ms - -[0m
ClientIP: ::ffff:116.226.216.159
[0mGET /idquery?id=1 [36m304 [0m1.664 ms - -[0m
ClientIP: ::ffff:116.226.216.159
[0mGET /idquery?id=8 [32m200 [0m1.766 ms - 67[0m
ClientIP: ::ffff:116.226.216.159
[0mGET /idquery?id=2 [36m304 [0m1.564 ms - -[0m
ClientIP: ::ffff:116.226.216.159
[0mGET /idquery?id=7 [32m200 [0m2.086 ms - 77[0m
2018-01-01T08:18:20.122Z
ClientIP: ::ffff:116.226.216.159
[0mGET /idquery?id=8 [36m304 [0m1.811 ms - -[0m
ClientIP: ::ffff:116.226.216.159
[0mGET /idquery?id=9 [32m200 [0m1.599 ms - 66[0m
ClientIP: ::ffff:116.226.216.159
[0mGET /idquery?id=9 [36m304 [0m1.720 ms - -[0m
ClientIP: ::ffff:116.226.216.159
[0mGET /idquery?id=10 [32m200 [0m1.564 ms - 21[0m
ClientIP: ::ffff:116.226.216.159
[0mGET /idquery?id=10 [36m304 [0m1.569 ms - -[0m
ClientIP: ::ffff:116.226.216.159
[0mGET /idquery?id=2 [36m304 [0m1.584 ms - -[0m
ClientIP: ::ffff:116.226.216.159
[0mGET /idquery?id=2 [36m304 [0m1.512 ms - -[0m
ClientIP: ::ffff:116.226.216.159
[0mGET /idquery?id=2 [36m304 [0m1.569 ms - -[0m
ClientIP: ::ffff:116.226.216.159
[0mGET /idquery?id=1 [36m304 [0m1.645 ms - -[0m
ClientIP: ::ffff:116.226.216.159
[0mGET /idquery?id=19 [32m200 [0m1.612 ms - 21[0m
ClientIP: ::ffff:116.226.216.159
[0mGET /idquery?id=15 [32m200 [0m1.738 ms - 80[0m
ClientIP: ::ffff:116.226.216.159
[0mGET /idquery?id=1 [36m304 [0m1.401 ms - -[0m
ClientIP: ::ffff:116.226.216.159
[0mGET /idquery?id=3 [36m304 [0m1.231 ms - -[0m
ClientIP: ::ffff:116.226.216.159
[0mGET /idquery?id=2 [36m304 [0m1.235 ms - -[0m
ClientIP: ::ffff:116.226.216.159
[0mGET /idquery?id=2 [36m304 [0m1.588 ms - -[0m
ClientIP: ::ffff:116.226.216.159
[0mGET /idquery?id=9 [36m304 [0m1.767 ms - -[0m
ClientIP: ::ffff:116.226.216.159
[0mGET /idquery?id=10 [36m304 [0m1.659 ms - -[0m
ClientIP: ::ffff:116.226.216.159
[0mGET /idquery?id=22 [32m200 [0m1.714 ms - 77[0m
2018-01-01T08:48:20.124Z
2018-01-01T09:18:20.125Z
2018-01-01T09:48:20.130Z
2018-01-01T10:18:20.134Z
2018-01-01T10:48:20.136Z
2018-01-01T11:18:20.137Z
2018-01-01T11:48:20.142Z
2018-01-01T12:18:20.146Z
2018-01-01T12:48:20.149Z
2018-01-01T13:18:20.151Z
2018-01-01T13:48:20.156Z
2018-01-01T14:18:20.157Z
2018-01-01T14:48:20.159Z
2018-01-01T15:18:20.160Z
2018-01-01T15:48:20.165Z
2018-01-01T16:18:20.169Z
2018-01-01T16:48:20.172Z
2018-01-01T17:18:20.175Z
2018-01-01T17:48:20.176Z
2018-01-01T18:18:20.177Z
2018-01-01T18:48:20.182Z
2018-01-01T19:18:20.186Z
2018-01-01T19:48:20.188Z
2018-01-01T20:18:20.189Z
2018-01-01T20:48:20.195Z
2018-01-01T21:18:20.200Z
2018-01-01T21:48:20.204Z
2018-01-01T22:18:20.206Z
2018-01-01T22:48:20.208Z
2018-01-01T23:18:20.210Z
2018-01-01T23:48:20.214Z
2018-01-02T00:18:20.217Z
2018-01-02T00:48:20.219Z
2018-01-02T01:18:20.224Z
2018-01-02T01:48:20.229Z
2018-01-02T02:18:20.232Z
2018-01-02T02:48:20.234Z
[0mGET /javascripts/dataprocessing.js [36m304 [0m0.694 ms - -[0m
ClientIP: ::ffff:114.80.124.182
[0mGET /favicon.ico [33m404 [0m392.981 ms - 1064[0m
2018-01-02T03:18:20.239Z
2018-01-02T03:48:20.243Z
2018-01-02T04:18:20.246Z
2018-01-02T04:48:20.248Z
2018-01-02T05:18:20.249Z
2018-01-02T05:48:20.254Z
2018-01-02T06:18:20.258Z
2018-01-02T06:48:20.261Z
2018-01-02T07:18:20.263Z
2018-01-02T07:48:20.264Z
2018-01-02T08:18:20.269Z
2018-01-02T08:48:20.273Z
2018-01-02T09:18:20.276Z
2018-01-02T09:48:20.278Z
2018-01-02T10:18:20.280Z
2018-01-02T10:48:20.281Z
2018-01-02T11:18:20.286Z
2018-01-02T11:48:20.290Z
2018-01-02T12:18:20.294Z
2018-01-02T12:48:20.296Z
2018-01-02T13:18:20.298Z
2018-01-02T13:48:20.299Z
2018-01-02T14:18:20.304Z
2018-01-02T14:48:20.308Z
2018-01-02T15:18:20.311Z
2018-01-02T15:48:20.313Z
2018-01-02T16:18:20.314Z
2018-01-02T16:48:20.319Z
2018-01-02T17:18:20.323Z
2018-01-02T17:48:20.326Z
2018-01-02T18:18:20.327Z
2018-01-02T18:48:20.328Z
2018-01-02T19:18:20.332Z
2018-01-02T19:48:20.336Z
2018-01-02T20:18:20.338Z
2018-01-02T20:48:20.339Z
2018-01-02T21:18:20.343Z
2018-01-02T21:48:20.347Z
2018-01-02T22:18:20.350Z
2018-01-02T22:48:20.351Z
2018-01-02T23:18:20.352Z
2018-01-02T23:48:20.357Z
2018-01-03T00:18:20.360Z
2018-01-03T00:48:20.363Z
2018-01-03T01:18:20.364Z
2018-01-03T01:48:20.369Z
2018-01-03T02:18:20.373Z
ClientIP: ::ffff:114.80.124.182
[0mGET /idquery?id=1 [32m200 [0m2.133 ms - 70[0m
ClientIP: ::ffff:114.80.124.182
[0mGET /idquery?id=1 [36m304 [0m2.215 ms - -[0m
ClientIP: ::ffff:114.80.124.182
[0mGET /idquery?id=1 [36m304 [0m1.685 ms - -[0m
2018-01-03T02:48:20.374Z
ClientIP: ::ffff:114.80.124.182
[0mGET /idquery?id=1 [36m304 [0m1.462 ms - -[0m
ClientIP: ::ffff:114.80.124.182
[0mGET /idquery?id=2 [32m200 [0m2.556 ms - 21[0m
ClientIP: ::ffff:114.80.124.182
[0mGET /idquery?id=9 [36m304 [0m1.209 ms - -[0m
2018-01-03T03:18:20.375Z
ClientIP: ::ffff:114.80.124.182
[0mGET /idquery?id=15 [36m304 [0m1.566 ms - -[0m
ClientIP: ::ffff:114.80.124.182
[0mGET /idquery?id=3 [36m304 [0m2.133 ms - -[0m
ClientIP: ::ffff:114.80.124.182
[0mGET /idquery?id=30 [32m200 [0m5.006 ms - 21[0m
ClientIP: ::ffff:114.80.124.182
[0mGET /idquery?id=30 [36m304 [0m1.298 ms - -[0m
ClientIP: ::ffff:114.80.124.182
[0mGET /idquery?id=30 [36m304 [0m1.335 ms - -[0m
ClientIP: ::ffff:114.80.124.182
[0mGET /idquery?id=6 [36m304 [0m1.541 ms - -[0m
ClientIP: ::ffff:114.80.124.182
[0mGET /idquery?id=5 [32m200 [0m1.472 ms - 21[0m
ClientIP: ::ffff:114.80.124.182
[0mGET /idquery?id=4 [32m200 [0m1.663 ms - 67[0m
ClientIP: ::ffff:114.80.124.182
[0mGET /idquery?id=2 [36m304 [0m1.485 ms - -[0m
ClientIP: ::ffff:114.80.124.182
[0mGET /idquery?id=30 [36m304 [0m1.430 ms - -[0m
ClientIP: ::ffff:114.80.124.182
[0mGET /idquery?id=1 [36m304 [0m1.488 ms - -[0m
ClientIP: ::ffff:114.80.124.182
[0mGET /idquery?id=3 [36m304 [0m1.387 ms - -[0m
ClientIP: ::ffff:114.80.124.182
[0mGET /idquery?id=30 [36m304 [0m1.474 ms - -[0m
ClientIP: ::ffff:114.80.124.182
[0mGET /idquery?id=30 [36m304 [0m1.491 ms - -[0m
ClientIP: ::ffff:114.80.124.182
[0mGET /idquery?id=30 [36m304 [0m1.447 ms - -[0m
ClientIP: ::ffff:114.80.124.182
[0mGET /idquery?id=30 [36m304 [0m1.481 ms - -[0m
ClientIP: ::ffff:114.80.124.182
[0mGET /idquery?id=30 [36m304 [0m1.588 ms - -[0m
ClientIP: ::ffff:114.80.124.182
[0mGET /idquery?id=30 [36m304 [0m1.629 ms - -[0m
ClientIP: ::ffff:114.80.124.182
[0mGET /idquery?id=1 [36m304 [0m1.601 ms - -[0m
ClientIP: ::ffff:114.80.124.182
[0mGET /idquery?id=6 [36m304 [0m1.437 ms - -[0m
ClientIP: ::ffff:114.80.124.182
[0mGET /idquery?id=%206%E8%AF%B7%E8%BE%93%E5%85%A5%E5%A7%93%E5%90%8D%20%20%E8%AF%B7%E8%BE%93%E5%85%A5%E5%AF%86%E7%A0%81%20%20%E8%AF%B7%E9%80%89%E6%8B%A9%E7%94%9F%E6%97%A5%20Create%20183 [32m200 [0m1.562 ms - 70[0m
ClientIP: ::ffff:114.80.124.182
[0mGET /idquery?id=%206%E8%AF%B7%E8%BE%93%E5%85%A5%E5%A7%93%E5%90%8D%20%20%E8%AF%B7%E8%BE%93%E5%85%A5%E5%AF%86%E7%A0%81%20%20%E8%AF%B7%E9%80%89%E6%8B%A9%E7%94%9F%E6%97%A5%20Create%20183 [36m304 [0m1.563 ms - -[0m
ClientIP: ::ffff:114.80.124.182
[0mGET /idquery?id=%206%E8%AF%B7%E8%BE%93%E5%85%A5%E5%A7%93%E5%90%8D%20%20%E8%AF%B7%E8%BE%93%E5%85%A5%E5%AF%86%E7%A0%81%20%20%E8%AF%B7%E9%80%89%E6%8B%A9%E7%94%9F%E6%97%A5%20Create%20183 [36m304 [0m1.600 ms - -[0m
ClientIP: ::ffff:114.80.124.182
[0mGET /idquery?id=%206%E8%AF%B7%E8%BE%93%E5%85%A5%E5%A7%93%E5%90%8D%20%20%E8%AF%B7%E8%BE%93%E5%85%A5%E5%AF%86%E7%A0%81%20%20%E8%AF%B7%E9%80%89%E6%8B%A9%E7%94%9F%E6%97%A5%20Create%20183 [36m304 [0m2.490 ms - -[0m
ClientIP: ::ffff:114.80.124.182
[0mGET /idquery?id=%206%E8%AF%B7%E8%BE%93%E5%85%A5%E5%A7%93%E5%90%8D%20%20%E8%AF%B7%E8%BE%93%E5%85%A5%E5%AF%86%E7%A0%81%20%20%E8%AF%B7%E9%80%89%E6%8B%A9%E7%94%9F%E6%97%A5%20Create%20183 [36m304 [0m1.547 ms - -[0m
ClientIP: ::ffff:114.80.124.182
[0mGET /idquery?id=%206%E8%AF%B7%E8%BE%93%E5%85%A5%E5%A7%93%E5%90%8D%20%20%E8%AF%B7%E8%BE%93%E5%85%A5%E5%AF%86%E7%A0%81%20%20%E8%AF%B7%E9%80%89%E6%8B%A9%E7%94%9F%E6%97%A5%20Create%20183 [36m304 [0m5.998 ms - -[0m
ClientIP: ::ffff:114.80.124.182
[0mGET /idquery?id=%206%E8%AF%B7%E8%BE%93%E5%85%A5%E5%A7%93%E5%90%8D%20%20%E8%AF%B7%E8%BE%93%E5%85%A5%E5%AF%86%E7%A0%81%20%20%E8%AF%B7%E9%80%89%E6%8B%A9%E7%94%9F%E6%97%A5%20Create%20183 [36m304 [0m2.750 ms - -[0m
ClientIP: ::ffff:114.80.124.182
[0mGET /idquery?id=%206%E8%AF%B7%E8%BE%93%E5%85%A5%E5%A7%93%E5%90%8D%20%20%E8%AF%B7%E8%BE%93%E5%85%A5%E5%AF%86%E7%A0%81%20%20%E8%AF%B7%E9%80%89%E6%8B%A9%E7%94%9F%E6%97%A5%20Create%20183 [36m304 [0m1.563 ms - -[0m
ClientIP: ::ffff:114.80.124.182
[0mGET /idquery?id=%206%E8%AF%B7%E8%BE%93%E5%85%A5%E5%A7%93%E5%90%8D%20%20%E8%AF%B7%E8%BE%93%E5%85%A5%E5%AF%86%E7%A0%81%20%20%E8%AF%B7%E9%80%89%E6%8B%A9%E7%94%9F%E6%97%A5%20Create%20183 [36m304 [0m1.528 ms - -[0m
ClientIP: ::ffff:114.80.124.182
[0mGET /idquery?id=%206%E8%AF%B7%E8%BE%93%E5%85%A5%E5%A7%93%E5%90%8D%20%20%E8%AF%B7%E8%BE%93%E5%85%A5%E5%AF%86%E7%A0%81%20%20%E8%AF%B7%E9%80%89%E6%8B%A9%E7%94%9F%E6%97%A5%20Create%20183 [36m304 [0m1.544 ms - -[0m
ClientIP: ::ffff:114.80.124.182
[0mGET /idquery?id=%206%E8%AF%B7%E8%BE%93%E5%85%A5%E5%A7%93%E5%90%8D%20%20%E8%AF%B7%E8%BE%93%E5%85%A5%E5%AF%86%E7%A0%81%20%20%E8%AF%B7%E9%80%89%E6%8B%A9%E7%94%9F%E6%97%A5%20Create%20183 [36m304 [0m1.591 ms - -[0m
ClientIP: ::ffff:114.80.124.182
[0mGET /idquery?id=%206%E8%AF%B7%E8%BE%93%E5%85%A5%E5%A7%93%E5%90%8D%20%20%E8%AF%B7%E8%BE%93%E5%85%A5%E5%AF%86%E7%A0%81%20%20%E8%AF%B7%E9%80%89%E6%8B%A9%E7%94%9F%E6%97%A5%20Create%20183 [36m304 [0m1.601 ms - -[0m
ClientIP: ::ffff:114.80.124.182
[0mGET /idquery?id=%2013 [32m200 [0m1.457 ms - 21[0m
2018-01-03T03:48:20.380Z
2018-01-03T04:18:20.383Z
2018-01-03T04:48:20.385Z
ClientIP: ::ffff:114.80.124.182
[0mGET /idquery?id=1 [36m304 [0m1.484 ms - -[0m
ClientIP: ::ffff:114.80.124.182
[0mGET /idquery?id=1 [36m304 [0m1.586 ms - -[0m
ClientIP: ::ffff:114.80.124.182
[0mGET /idquery?id=1 [36m304 [0m1.442 ms - -[0m
ClientIP: ::ffff:114.80.124.182
[0mGET /idquery?id=1 [36m304 [0m2.500 ms - -[0m
ClientIP: ::ffff:114.80.124.182
[0mGET /idquery?id=1 [36m304 [0m1.508 ms - -[0m
ClientIP: ::ffff:114.80.124.182
[0mGET /idquery?id=1 [36m304 [0m1.431 ms - -[0m
ClientIP: ::ffff:114.80.124.182
[0mGET /idquery?id=12 [32m200 [0m1.453 ms - 77[0m
ClientIP: ::ffff:114.80.124.182
[0mGET /idquery?id=123 [32m200 [0m1.499 ms - 21[0m
ClientIP: ::ffff:114.80.124.182
[0mGET /idquery?id=1 [36m304 [0m1.149 ms - -[0m
ClientIP: ::ffff:114.80.124.182
[0mGET /idquery?id=5 [36m304 [0m1.376 ms - -[0m
ClientIP: ::ffff:114.80.124.182
[0mGET /idquery?id=533 [32m200 [0m1.444 ms - 21[0m
ClientIP: ::ffff:114.80.124.182
[0mGET /idquery?id=533 [36m304 [0m1.527 ms - -[0m
ClientIP: ::ffff:114.80.124.182
[0mGET /idquery?id=8 [36m304 [0m1.472 ms - -[0m
ClientIP: ::ffff:114.80.124.182
[0mGET /idquery?id=8 [36m304 [0m1.509 ms - -[0m
ClientIP: ::ffff:114.80.124.182
[0mGET /idquery?id=3 [36m304 [0m1.486 ms - -[0m
2018-01-03T05:18:20.386Z
ClientIP: ::ffff:198.20.70.114
[0mGET / [32m200 [0m1.231 ms - 5983[0m
ClientIP: ::ffff:198.20.70.114
[0mGET /favicon.ico [33m404 [0m24.134 ms - 1064[0m
2018-01-03T05:48:20.390Z
2018-01-03T06:18:20.393Z
2018-01-03T06:48:20.395Z
2018-01-03T07:18:20.397Z
ClientIP: ::ffff:114.80.124.182
[0mGET /idquery?id=1 [36m304 [0m1.501 ms - -[0m
ClientIP: ::ffff:114.80.124.182
[0mGET / [36m304 [0m0.906 ms - -[0m
[0mGET /javascripts/dataprocessing.js [36m304 [0m0.595 ms - -[0m
ClientIP: ::ffff:114.80.124.182
[0mGET / [32m200 [0m0.814 ms - 5983[0m
[0mGET /javascripts/dataprocessing.js [32m200 [0m0.599 ms - 4800[0m
ClientIP: ::ffff:114.80.124.182
[0mGET / [36m304 [0m0.900 ms - -[0m
ClientIP: ::ffff:114.80.124.182
[0mGET /favicon.ico [33m404 [0m20.120 ms - 1064[0m
ClientIP: ::ffff:114.80.124.182
[0mGET / [36m304 [0m0.990 ms - -[0m
[0mGET /javascripts/dataprocessing.js [36m304 [0m0.469 ms - -[0m
ClientIP: ::ffff:114.80.124.182
[0mGET / [36m304 [0m0.850 ms - -[0m
ClientIP: ::ffff:114.80.124.182
[0mGET / [36m304 [0m0.814 ms - -[0m
ClientIP: ::ffff:114.80.124.182
[0mGET / [32m200 [0m1.790 ms - 5983[0m
ClientIP: ::ffff:114.80.124.182
[0mGET / [36m304 [0m0.829 ms - -[0m
[0mGET /javascripts/dataprocessing.js [36m304 [0m0.413 ms - -[0m
ClientIP: ::ffff:114.80.124.182
[0mGET / [36m304 [0m0.893 ms - -[0m
ClientIP: ::ffff:114.80.124.182
[0mGET /favicon.ico [33m404 [0m28.524 ms - 1064[0m
ClientIP: ::ffff:114.80.124.182
[0mGET /idquery?id=1 [32m200 [0m2.743 ms - 70[0m
ClientIP: ::ffff:114.80.124.182
[0mGET /idquery?id=1 [36m304 [0m1.568 ms - -[0m
ClientIP: ::ffff:114.80.124.182
[0mGET /idquery?id=1 [36m304 [0m1.467 ms - -[0m
ClientIP: ::ffff:114.80.124.182
[0mGET /idquery?id=1 [36m304 [0m1.444 ms - -[0m
2018-01-03T07:48:20.398Z
[0mGET / [0m- [0m- ms - -[0m
ClientIP: undefined
2018-01-03T08:18:20.403Z
2018-01-03T08:48:20.406Z
2018-01-03T09:18:20.409Z
2018-01-03T09:48:20.411Z
ClientIP: ::ffff:114.80.124.182
[0mGET /idquery?id=1 [36m304 [0m1.451 ms - -[0m
ClientIP: ::ffff:114.80.124.182
[0mGET /idquery?id=1----- [32m200 [0m1.455 ms - 70[0m
2018-01-03T10:18:20.412Z
ClientIP: ::ffff:114.80.124.182
[0mGET /idquery?id=1 [36m304 [0m1.470 ms - -[0m
2018-01-03T10:48:20.418Z
2018-01-03T11:18:20.422Z
2018-01-03T11:48:20.425Z
2018-01-03T12:18:20.428Z
2018-01-03T12:48:20.431Z
2018-01-03T13:18:20.432Z
2018-01-03T13:48:20.433Z
2018-01-03T14:18:20.438Z
2018-01-03T14:48:20.442Z
2018-01-03T15:18:20.444Z
2018-01-03T15:48:20.446Z
2018-01-03T16:18:20.447Z
2018-01-03T16:48:20.451Z
2018-01-03T17:18:20.455Z
2018-01-03T17:48:20.457Z
2018-01-03T18:18:20.459Z
2018-01-03T18:48:20.460Z
2018-01-03T19:18:20.465Z
2018-01-03T19:48:20.469Z
2018-01-03T20:18:20.472Z
2018-01-03T20:48:20.474Z
[0mGET / [0m- [0m- ms - -[0m
ClientIP: undefined
2018-01-03T21:18:20.475Z
2018-01-03T21:48:20.475Z
2018-01-03T22:18:20.479Z
2018-01-03T22:48:20.483Z
2018-01-03T23:18:20.485Z
2018-01-03T23:48:20.487Z
2018-01-04T00:18:20.488Z
2018-01-04T00:48:20.489Z
2018-01-04T01:18:20.493Z
2018-01-04T01:48:20.497Z
2018-01-04T02:18:20.500Z
2018-01-04T02:48:20.503Z
2018-01-04T03:18:20.504Z
2018-01-04T03:48:20.505Z
ClientIP: ::ffff:114.80.124.182
[0mGET /idquery?id=2 [36m304 [0m1.020 ms - -[0m
ClientIP: ::ffff:114.80.124.182
[0mGET /idquery?id=1 [36m304 [0m1.097 ms - -[0m
ClientIP: ::ffff:114.80.124.182
[0mGET /idquery?id=9 [36m304 [0m1.050 ms - -[0m
2018-01-04T04:18:20.506Z
2018-01-04T04:48:20.511Z
2018-01-04T05:18:20.515Z
2018-01-04T05:48:20.518Z
2018-01-04T06:18:20.521Z
2018-01-04T06:48:20.522Z
2018-01-04T07:18:20.522Z
ClientIP: ::ffff:114.80.124.182
[0mGET /idquery?id=1 [36m304 [0m1.389 ms - -[0m
ClientIP: ::ffff:114.80.124.182
[0mGET /idquery?id=9 [36m304 [0m1.070 ms - -[0m
ClientIP: ::ffff:114.80.124.182
[0mGET /idquery?id=9 [36m304 [0m1.059 ms - -[0m
ClientIP: ::ffff:114.80.124.182
[0mGET /idquery?id=99999999999 [32m200 [0m0.999 ms - 21[0m
ClientIP: ::ffff:114.80.124.182
[0mGET /idquery?id=0 [32m200 [0m0.965 ms - 21[0m
ClientIP: ::ffff:114.80.124.182
[0mGET /idquery?id=9 [36m304 [0m1.038 ms - -[0m
2018-01-04T07:48:20.526Z
ClientIP: ::ffff:114.80.124.182
[0mGET /idquery?id=9 [36m304 [0m0.979 ms - -[0m
2018-01-04T08:18:20.529Z
2018-01-04T08:48:20.531Z
ClientIP: ::ffff:114.80.124.182
[0mGET /idquery?id=1 [36m304 [0m1.117 ms - -[0m
ClientIP: ::ffff:114.80.124.182
[0mGET /idquery?id=9 [36m304 [0m1.117 ms - -[0m
ClientIP: ::ffff:114.80.124.182
[0mGET /idquery?id=9 [36m304 [0m1.074 ms - -[0m
ClientIP: ::ffff:114.80.124.182
[0mGET /idquery?id=1 [36m304 [0m1.065 ms - -[0m
ClientIP: ::ffff:114.80.124.182
[0mGET /idquery?id=9 [36m304 [0m1.094 ms - -[0m
ClientIP: ::ffff:114.80.124.182
[0mGET /idquery?id=9 [36m304 [0m1.047 ms - -[0m
ClientIP: ::ffff:114.80.124.182
[0mGET /idquery?id=1 [36m304 [0m1.040 ms - -[0m
ClientIP: ::ffff:114.80.124.182
[0mGET /idquery?id=1 [36m304 [0m1.038 ms - -[0m
ClientIP: ::ffff:114.80.124.182
[0mGET /idquery?id=9 [36m304 [0m1.060 ms - -[0m
ClientIP: ::ffff:114.80.124.182
[0mGET /idquery?id=1 [36m304 [0m1.061 ms - -[0m
ClientIP: ::ffff:114.80.124.182
[0mGET /idquery?id=1 [36m304 [0m1.078 ms - -[0m
ClientIP: ::ffff:114.80.124.182
[0mGET /idquery?id=1 [36m304 [0m1.074 ms - -[0m
ClientIP: ::ffff:114.80.124.182
[0mGET /idquery?id=9 [36m304 [0m1.084 ms - -[0m
ClientIP: ::ffff:114.80.124.182
[0mGET /idquery?id=9 [36m304 [0m1.071 ms - -[0m
ClientIP: ::ffff:114.80.124.182
[0mGET /idquery?id=1 [36m304 [0m1.045 ms - -[0m
ClientIP: ::ffff:114.80.124.182
[0mGET /idquery?id=19 [32m200 [0m5.002 ms - 21[0m
ClientIP: ::ffff:114.80.124.182
[0mGET /idquery?id=22 [32m200 [0m1.056 ms - 77[0m
ClientIP: ::ffff:114.80.124.182
[0mGET /idquery?id=21 [32m200 [0m1.098 ms - 82[0m
ClientIP: ::ffff:114.80.124.182
[0mGET /idquery?id=28 [32m200 [0m0.996 ms - 21[0m
ClientIP: ::ffff:114.80.124.182
[0mGET /idquery?id=1 [36m304 [0m1.065 ms - -[0m
2018-01-04T09:18:20.532Z
ClientIP: ::ffff:114.80.124.182
[0mGET /idquery?id=9 [36m304 [0m1.072 ms - -[0m
ClientIP: ::ffff:114.80.124.182
[0mGET /idquery?id=13 [32m200 [0m0.997 ms - 21[0m
ClientIP: ::ffff:114.80.124.182
[0mGET /idquery?id=19 [36m304 [0m1.012 ms - -[0m
ClientIP: ::ffff:114.80.124.182
[0mGET /idquery?id=20 [32m200 [0m1.055 ms - 75[0m
ClientIP: ::ffff:114.80.124.182
[0mGET /idquery?id=21 [36m304 [0m1.071 ms - -[0m
ClientIP: ::ffff:114.80.124.182
[0mGET /idquery?id=22 [36m304 [0m1.061 ms - -[0m
ClientIP: ::ffff:114.80.124.182
[0mGET /idquery?id=21 [36m304 [0m1.058 ms - -[0m
ClientIP: ::ffff:114.80.124.182
[0mGET /idquery?id=1 [36m304 [0m1.007 ms - -[0m
2018-01-04T09:48:20.537Z
ClientIP: ::ffff:114.80.124.182
[0mGET /idquery?id=18 [32m200 [0m0.990 ms - 21[0m
ClientIP: ::ffff:114.80.124.182
[0mGET /idquery?id=19 [36m304 [0m1.020 ms - -[0m
ClientIP: ::ffff:114.80.124.182
[0mGET /idquery?id=21 [36m304 [0m1.055 ms - -[0m
ClientIP: ::ffff:114.80.124.182
[0mGET /idquery?id=22 [36m304 [0m1.057 ms - -[0m
ClientIP: ::ffff:114.80.124.182
[0mGET /idquery?id=21 [36m304 [0m1.096 ms - -[0m
ClientIP: ::ffff:114.80.124.182
[0mGET /idquery?id=10 [36m304 [0m1.036 ms - -[0m
ClientIP: ::ffff:114.80.124.182
[0mGET /idquery?id=11 [32m200 [0m1.045 ms - 71[0m
2018-01-04T10:18:20.541Z
ClientIP: ::ffff:114.80.124.182
[0mGET /idquery?id=19 [36m304 [0m1.016 ms - -[0m
ClientIP: ::ffff:114.80.124.182
[0mGET /idquery?id=20 [36m304 [0m1.089 ms - -[0m
ClientIP: ::ffff:114.80.124.182
[0mGET /idquery?id=26 [32m200 [0m1.013 ms - 21[0m
ClientIP: ::ffff:114.80.124.182
[0mGET /idquery?id=23 [32m200 [0m1.088 ms - 75[0m
ClientIP: ::ffff:114.80.124.182
[0mGET /idquery?id=19 [36m304 [0m1.025 ms - -[0m
ClientIP: ::ffff:114.80.124.182
[0mGET /idquery?id=20 [36m304 [0m1.069 ms - -[0m
ClientIP: ::ffff:114.80.124.182
[0mGET /idquery?id=21 [36m304 [0m1.075 ms - -[0m
ClientIP: ::ffff:114.80.124.182
[0mGET /idquery?id=1 [36m304 [0m1.084 ms - -[0m
ClientIP: ::ffff:114.80.124.182
[0mGET /idquery?id=1 [36m304 [0m1.056 ms - -[0m
2018-01-04T10:48:20.544Z
Running in 3000
ClientIP: ::ffff:114.80.124.182
[0mGET / [36m304 [0m7.365 ms - -[0m
[0mGET /javascripts/dataprocessing.js [36m304 [0m0.621 ms - -[0m
ClientIP: ::ffff:114.80.124.182
[0mGET /idquery?id=1 [32m200 [0m3.169 ms - 72[0m
ClientIP: ::ffff:114.80.124.182
[0mGET /idquery?id=1 [36m304 [0m1.389 ms - -[0m
ClientIP: ::ffff:114.80.124.182
[0mGET /idquery?id=9 [32m200 [0m1.272 ms - 68[0m
ClientIP: ::ffff:114.80.124.182
[0mGET /idquery?id=12 [32m200 [0m1.260 ms - 79[0m
ClientIP: ::ffff:114.80.124.182
[0mGET /idquery?id=6 [32m200 [0m1.262 ms - 72[0m
ClientIP: ::ffff:114.80.124.182
[0mGET /idquery?id=9 [36m304 [0m1.282 ms - -[0m
2018-01-04T11:20:51.704Z
2018-01-04T11:50:51.707Z
2018-01-04T12:20:51.709Z
2018-01-04T12:50:51.710Z
2018-01-04T13:20:51.715Z
2018-01-04T13:50:51.719Z
2018-01-04T14:20:51.722Z
2018-01-04T14:50:51.724Z
2018-01-04T15:20:51.725Z
2018-01-04T15:50:51.730Z
2018-01-04T16:20:51.734Z
2018-01-04T16:50:51.736Z
2018-01-04T17:20:51.738Z
2018-01-04T17:50:51.738Z
2018-01-04T18:20:51.743Z
2018-01-04T18:50:51.746Z
2018-01-04T19:20:51.748Z
ClientIP: ::ffff:117.50.7.159
[0mGET / [32m200 [0m5.339 ms - 5983[0m
ClientIP: ::ffff:106.75.85.117
[0mGET / [32m200 [0m1.688 ms - 5983[0m
2018-01-04T19:50:51.750Z
2018-01-04T20:20:51.751Z
2018-01-04T20:50:51.756Z
2018-01-04T21:20:51.760Z
2018-01-04T21:50:51.762Z
2018-01-04T22:20:51.764Z
2018-01-04T22:50:51.765Z
2018-01-04T23:20:51.770Z
2018-01-04T23:50:51.775Z
2018-01-05T00:20:51.779Z
2018-01-05T00:50:51.781Z
2018-01-05T01:20:51.783Z
2018-01-05T01:50:51.788Z
ClientIP: ::ffff:114.80.124.182
[0mGET /idquery?id=1 [36m304 [0m1.831 ms - -[0m
2018-01-05T02:20:51.792Z
ClientIP: ::ffff:114.80.124.182
[0mGET /idquery?id=20 [32m200 [0m1.788 ms - 77[0m
ClientIP: ::ffff:114.80.124.182
[0mGET /idquery?id=1 [36m304 [0m1.730 ms - -[0m
2018-01-05T02:50:51.796Z
ClientIP: ::ffff:114.80.124.182
[0mGET /idquery?id=9 [36m304 [0m1.595 ms - -[0m
ClientIP: ::ffff:114.80.124.182
[0mGET /idquery?id=10 [36m304 [0m1.951 ms - -[0m
ClientIP: ::ffff:114.80.124.182
[0mGET /idquery?id=10 [36m304 [0m1.605 ms - -[0m
ClientIP: ::ffff:114.80.124.182
[0mGET /idquery?id=1 [36m304 [0m1.755 ms - -[0m
ClientIP: ::ffff:114.80.124.182
[0mGET /idquery?id=2 [36m304 [0m1.679 ms - -[0m
ClientIP: ::ffff:114.80.124.182
[0mGET /idquery?id=1 [36m304 [0m1.659 ms - -[0m
ClientIP: ::ffff:114.80.124.182
[0mGET /idquery?id=2 [36m304 [0m1.555 ms - -[0m
ClientIP: ::ffff:114.80.124.182
[0mGET /idquery?id=3 [36m304 [0m1.658 ms - -[0m
ClientIP: ::ffff:114.80.124.182
[0mGET /idquery?id=9 [36m304 [0m1.239 ms - -[0m
ClientIP: ::ffff:114.80.124.182
[0mGET /idquery?id=5 [36m304 [0m1.596 ms - -[0m
ClientIP: ::ffff:114.80.124.182
[0mGET /idquery?id=19 [36m304 [0m1.534 ms - -[0m
ClientIP: ::ffff:114.80.124.182
[0mGET /idquery?id=19 [36m304 [0m1.605 ms - -[0m
ClientIP: ::ffff:114.80.124.182
[0mGET /idquery?id=20 [36m304 [0m1.625 ms - -[0m
ClientIP: ::ffff:114.80.124.182
[0mGET /idquery?id=21 [32m200 [0m1.676 ms - 84[0m
ClientIP: ::ffff:114.80.124.182
[0mGET /idquery?id=22 [32m200 [0m1.752 ms - 79[0m
ClientIP: ::ffff:114.80.124.182
[0mGET /idquery?id=10 [36m304 [0m1.539 ms - -[0m
ClientIP: ::ffff:114.80.124.182
[0mGET /idquery?id=1 [36m304 [0m1.806 ms - -[0m
ClientIP: ::ffff:114.80.124.182
[0mGET /idquery?id=3 [36m304 [0m1.290 ms - -[0m
ClientIP: ::ffff:114.80.124.182
[0mGET /idquery?id=9 [36m304 [0m1.293 ms - -[0m
ClientIP: ::ffff:114.80.124.182
[0mGET /idquery?id=7 [32m200 [0m1.864 ms - 79[0m
ClientIP: ::ffff:114.80.124.182
[0mGET /idquery?id=4 [32m200 [0m1.819 ms - 69[0m
ClientIP: ::ffff:114.80.124.182
[0mGET /idquery?id=3 [36m304 [0m1.213 ms - -[0m
ClientIP: ::ffff:114.80.124.182
[0mGET /idquery?id=0 [36m304 [0m1.622 ms - -[0m
ClientIP: ::ffff:114.80.124.182
[0mGET /idquery?id=0 [36m304 [0m1.657 ms - -[0m
ClientIP: ::ffff:114.80.124.182
[0mGET /idquery?id=0 [36m304 [0m1.634 ms - -[0m
ClientIP: ::ffff:114.80.124.182
[0mGET /idquery?id=0 [36m304 [0m1.649 ms - -[0m
ClientIP: ::ffff:114.80.124.182
[0mGET /idquery?id=0 [36m304 [0m1.600 ms - -[0m
ClientIP: ::ffff:114.80.124.182
[0mGET /idquery?id=2 [36m304 [0m1.191 ms - -[0m
ClientIP: ::ffff:114.80.124.182
[0mGET /idquery?id=2 [36m304 [0m1.189 ms - -[0m
ClientIP: ::ffff:114.80.124.182
[0mGET /idquery?id=3 [36m304 [0m1.427 ms - -[0m
ClientIP: ::ffff:114.80.124.182
[0mGET /idquery?id=1 [36m304 [0m1.253 ms - -[0m
ClientIP: ::ffff:114.80.124.182
[0mGET /idquery?id=2 [36m304 [0m1.201 ms - -[0m
ClientIP: ::ffff:114.80.124.182
[0mGET /idquery?id=2 [36m304 [0m1.261 ms - -[0m
ClientIP: ::ffff:114.80.124.182
[0mGET /idquery?id=2 [36m304 [0m2.328 ms - -[0m
ClientIP: ::ffff:114.80.124.182
[0mGET /idquery?id=2 [36m304 [0m1.570 ms - -[0m
ClientIP: ::ffff:114.80.124.182
[0mGET /idquery?id=3 [36m304 [0m1.525 ms - -[0m
ClientIP: ::ffff:114.80.124.182
[0mGET /idquery?id=1 [36m304 [0m1.324 ms - -[0m
ClientIP: ::ffff:114.80.124.182
[0mGET /idquery?id=9 [36m304 [0m1.310 ms - -[0m
ClientIP: ::ffff:114.80.124.182
[0mGET /idquery?id=3 [36m304 [0m1.671 ms - -[0m
ClientIP: ::ffff:114.80.124.182
[0mGET /idquery?id=4 [36m304 [0m1.730 ms - -[0m
ClientIP: ::ffff:114.80.124.182
[0mGET /idquery?id=2 [36m304 [0m1.505 ms - -[0m
ClientIP: ::ffff:114.80.124.182
[0mGET /idquery?id=9 [36m304 [0m1.755 ms - -[0m
2018-01-05T03:20:51.798Z
2018-01-05T03:50:51.799Z
2018-01-05T04:20:51.804Z
2018-01-05T04:50:51.807Z
2018-01-05T05:20:51.810Z
ClientIP: ::ffff:114.80.124.182
[0mGET /idquery?id=1 [32m200 [0m2.002 ms - 84[0m
ClientIP: ::ffff:114.80.124.182
[0mGET /idquery?id=2 [32m200 [0m1.644 ms - 82[0m
ClientIP: ::ffff:114.80.124.182
[0mGET /idquery?id=3 [32m200 [0m1.712 ms - 81[0m
ClientIP: ::ffff:114.80.124.182
[0mGET /idquery?id=4 [32m200 [0m1.595 ms - 79[0m
ClientIP: ::ffff:114.80.124.182
[0mGET /idquery?id=99 [32m200 [0m1.554 ms - 82[0m
ClientIP: ::ffff:114.80.124.182
[0mGET /idquery?id=23 [32m200 [0m1.536 ms - 87[0m
ClientIP: ::ffff:114.80.124.182
[0mGET /idquery?id=0 [36m304 [0m1.458 ms - -[0m
ClientIP: ::ffff:114.80.124.182
[0mGET /idquery?id=199 [32m200 [0m1.498 ms - 21[0m
ClientIP: ::ffff:114.80.124.182
[0mGET /idquery?id=1 [36m304 [0m1.622 ms - -[0m
ClientIP: ::ffff:169.54.244.75
[0mGET / [32m200 [0m1.169 ms - 5983[0m
2018-01-05T05:50:51.811Z
ClientIP: ::ffff:114.80.124.182
[0mGET /idquery?id=10 [32m200 [0m2.130 ms - 78[0m
ClientIP: ::ffff:114.80.124.182
[0mGET /idquery?id=100 [32m200 [0m5.399 ms - 85[0m
ClientIP: ::ffff:114.80.124.182
[0mGET /idquery?id=1000 [32m200 [0m1.210 ms - 21[0m
ClientIP: ::ffff:114.80.124.182
[0mGET /idquery?id=100 [36m304 [0m1.110 ms - -[0m
ClientIP: ::ffff:114.80.124.182
[0mGET /idquery?id=1 [32m200 [0m1.427 ms - 84[0m
ClientIP: ::ffff:114.80.124.182
[0mGET /idquery?id=55 [32m200 [0m1.429 ms - 77[0m
ClientIP: ::ffff:114.80.124.182
[0mGET /idquery?id=0 [32m200 [0m1.307 ms - 21[0m
2018-01-05T06:20:51.812Z
2018-01-05T06:50:51.817Z
2018-01-05T07:20:51.821Z
ClientIP: ::ffff:114.80.124.182
[0mGET /idquery?id=1 [36m304 [0m1.535 ms - -[0m
2018-01-05T07:50:51.822Z
2018-01-05T08:20:51.824Z
2018-01-05T08:50:51.824Z
2018-01-05T09:20:51.829Z
ClientIP: ::ffff:114.80.124.182
[0mGET /idquery?id=1 [36m304 [0m1.519 ms - -[0m
ClientIP: ::ffff:114.80.124.182
[0mGET /idquery?id=3 [36m304 [0m1.542 ms - -[0m
ClientIP: ::ffff:114.80.124.182
[0mGET /idquery?id=133 [32m200 [0m1.233 ms - 21[0m
ClientIP: ::ffff:114.80.124.182
[0mGET /idquery?id=131 [32m200 [0m1.625 ms - 88[0m
2018-01-05T09:50:51.833Z
2018-01-05T10:20:51.835Z
ClientIP: ::ffff:114.80.124.182
[0mGET /idquery?id=2 [36m304 [0m1.476 ms - -[0m
ClientIP: ::ffff:114.80.124.182
[0mGET /idquery?id=2 [36m304 [0m1.132 ms - -[0m
ClientIP: ::ffff:114.80.124.182
[0mGET /idquery?id=2 [36m304 [0m1.146 ms - -[0m
ClientIP: ::ffff:114.80.124.182
[0mGET /idquery?id=23 [36m304 [0m1.528 ms - -[0m
ClientIP: ::ffff:114.80.124.182
[0mGET /idquery?id=29 [32m200 [0m1.605 ms - 84[0m
ClientIP: ::ffff:114.80.124.182
[0mGET /idquery?id=5 [32m200 [0m1.511 ms - 78[0m
2018-01-05T10:50:51.836Z
2018-01-05T11:20:51.841Z
2018-01-05T11:50:51.845Z
2018-01-05T12:20:51.847Z
2018-01-05T12:50:51.848Z
2018-01-05T13:20:51.848Z
2018-01-05T13:50:51.852Z
2018-01-05T14:20:51.856Z
2018-01-05T14:50:51.859Z
2018-01-05T15:20:51.860Z
2018-01-05T15:50:51.861Z
2018-01-05T16:20:51.865Z
2018-01-05T16:50:51.869Z
2018-01-05T17:20:51.872Z
2018-01-05T17:50:51.873Z
2018-01-05T18:20:51.874Z
2018-01-05T18:50:51.879Z
2018-01-05T19:20:51.884Z
2018-01-05T19:50:51.887Z
2018-01-05T20:20:51.889Z
2018-01-05T20:50:51.890Z
2018-01-05T21:20:51.890Z
2018-01-05T21:50:51.894Z
2018-01-05T22:20:51.898Z
2018-01-05T22:50:51.900Z
2018-01-05T23:20:51.902Z
2018-01-05T23:50:51.903Z
2018-01-06T00:20:51.907Z
2018-01-06T00:50:51.911Z
2018-01-06T01:20:51.915Z
2018-01-06T01:50:51.917Z
2018-01-06T02:20:51.919Z
2018-01-06T02:50:51.918Z
2018-01-06T03:20:51.923Z
2018-01-06T03:50:51.926Z
2018-01-06T04:20:51.929Z
2018-01-06T04:50:51.931Z
2018-01-06T05:20:51.932Z
2018-01-06T05:50:51.932Z
2018-01-06T06:20:51.937Z
2018-01-06T06:50:51.941Z
[0mGET / [0m- [0m- ms - -[0m
ClientIP: undefined
2018-01-06T07:20:51.943Z
2018-01-06T07:50:51.945Z
2018-01-06T08:20:51.946Z
2018-01-06T08:50:51.947Z
ClientIP: ::ffff:180.175.179.67
[0mGET / [32m200 [0m0.699 ms - 5983[0m
[0mGET /javascripts/dataprocessing.js [32m200 [0m0.413 ms - 4800[0m
2018-01-06T09:20:51.952Z
ClientIP: ::ffff:180.175.179.67
[0mGET /idquery?id=1 [36m304 [0m1.077 ms - -[0m
ClientIP: ::ffff:180.175.179.67
[0mGET /idquery?id=1222 [32m200 [0m1.015 ms - 21[0m
ClientIP: ::ffff:180.175.179.67
[0mGET /idquery?id=1 [36m304 [0m1.647 ms - -[0m
2018-01-06T09:50:51.956Z
ClientIP: ::ffff:180.175.179.67
[0mGET /idquery?id=1 [36m304 [0m1.071 ms - -[0m
2018-01-06T10:20:51.959Z
2018-01-06T10:50:51.962Z
2018-01-06T11:20:51.963Z
ClientIP: ::ffff:180.175.179.67
[0mGET /idquery?id=1 [36m304 [0m1.064 ms - -[0m
ClientIP: ::ffff:180.175.179.67
[0mGET /idquery?id=222 [32m200 [0m1.073 ms - 21[0m
ClientIP: ::ffff:180.175.179.67
[0mGET /idquery?id=1 [36m304 [0m1.066 ms - -[0m
ClientIP: ::ffff:180.175.179.67
[0mGET /idquery?id=13 [32m200 [0m1.054 ms - 97[0m
ClientIP: ::ffff:180.175.179.67
[0mGET /idquery?id=0 [36m304 [0m0.996 ms - -[0m
ClientIP: ::ffff:180.175.179.67
[0mGET /idquery?id=1 [36m304 [0m1.076 ms - -[0m
ClientIP: ::ffff:180.175.179.67
[0mGET /idquery?id=1 [36m304 [0m1.079 ms - -[0m
ClientIP: ::ffff:180.175.179.67
[0mGET /idquery?id=1 [36m304 [0m0.927 ms - -[0m
ClientIP: ::ffff:180.175.179.67
[0mGET /idquery?id=1 [36m304 [0m1.028 ms - -[0m
ClientIP: ::ffff:180.175.179.67
[0mGET /idquery?id=1 [36m304 [0m1.062 ms - -[0m
ClientIP: ::ffff:180.175.179.67
[0mGET /idquery?id=1 [36m304 [0m1.015 ms - -[0m
ClientIP: ::ffff:180.175.179.67
[0mGET /idquery?id=2 [32m200 [0m1.007 ms - 82[0m
ClientIP: ::ffff:180.175.179.67
[0mGET /idquery?id=3 [36m304 [0m1.434 ms - -[0m
ClientIP: ::ffff:180.175.179.67
[0mGET /idquery?id=5 [32m200 [0m1.024 ms - 78[0m
ClientIP: ::ffff:180.175.179.67
[0mGET /idquery?id=3 [36m304 [0m1.080 ms - -[0m
ClientIP: ::ffff:180.175.179.67
[0mGET /idquery?id=7 [32m200 [0m1.050 ms - 84[0m
ClientIP: ::ffff:180.175.179.67
[0mGET /idquery?id=90 [32m200 [0m1.062 ms - 88[0m
ClientIP: ::ffff:180.175.179.67
[0mGET /idquery?id=90 [36m304 [0m1.059 ms - -[0m
ClientIP: ::ffff:180.175.179.67
[0mGET /idquery?id=9 [32m200 [0m1.031 ms - 79[0m
ClientIP: ::ffff:180.175.179.67
[0mGET /idquery?id=0 [36m304 [0m1.000 ms - -[0m
ClientIP: ::ffff:180.175.179.67
[0mGET /idquery?id=10 [36m304 [0m1.599 ms - -[0m
ClientIP: ::ffff:180.175.179.67
[0mGET /idquery?id=100 [36m304 [0m1.047 ms - -[0m
ClientIP: ::ffff:180.175.179.67
[0mGET /idquery?id=190 [32m200 [0m0.973 ms - 21[0m
ClientIP: ::ffff:180.175.179.67
[0mGET /idquery?id=130 [32m200 [0m0.980 ms - 88[0m
2018-01-06T11:50:51.968Z
2018-01-06T12:20:51.972Z
2018-01-06T12:50:51.976Z
2018-01-06T13:20:51.978Z
2018-01-06T13:50:51.980Z
2018-01-06T14:20:51.981Z
2018-01-06T14:50:51.981Z
2018-01-06T15:20:51.986Z
2018-01-06T15:50:51.989Z
2018-01-06T16:20:51.992Z
2018-01-06T16:50:51.994Z
2018-01-06T17:20:51.995Z
2018-01-06T17:50:51.995Z
2018-01-06T18:20:52.000Z
2018-01-06T18:50:52.004Z
2018-01-06T19:20:52.007Z
2018-01-06T19:50:52.009Z
2018-01-06T20:20:52.010Z
2018-01-06T20:50:52.010Z
2018-01-06T21:20:52.014Z
2018-01-06T21:50:52.017Z
2018-01-06T22:20:52.020Z
2018-01-06T22:50:52.021Z
2018-01-06T23:20:52.022Z
2018-01-06T23:50:52.024Z
2018-01-07T00:20:52.029Z
2018-01-07T00:50:52.033Z
2018-01-07T01:20:52.036Z
2018-01-07T01:50:52.038Z
2018-01-07T02:20:52.040Z
2018-01-07T02:50:52.040Z
2018-01-07T03:20:52.045Z
2018-01-07T03:50:52.049Z
[0mGET / [0m- [0m- ms - -[0m
ClientIP: undefined
2018-01-07T04:20:52.052Z
2018-01-07T04:50:52.055Z
2018-01-07T05:20:52.057Z
2018-01-07T05:50:52.059Z
ClientIP: ::ffff:180.175.179.67
[0mGET /idquery?id=1 [36m304 [0m1.066 ms - -[0m
ClientIP: ::ffff:180.175.179.67
[0mGET /idquery?id=2 [32m200 [0m0.998 ms - 82[0m
ClientIP: ::ffff:180.175.179.67
[0mGET /idquery?id=999 [32m200 [0m1.001 ms - 21[0m
ClientIP: ::ffff:180.175.179.67
[0mGET /idquery?id=99 [32m200 [0m1.048 ms - 82[0m
ClientIP: ::ffff:180.175.179.67
[0mGET /idquery?id=2 [36m304 [0m1.051 ms - -[0m
ClientIP: ::ffff:180.175.179.67
[0mGET /idquery?id=22 [32m200 [0m1.064 ms - 83[0m
2018-01-07T06:20:52.064Z
ClientIP: ::ffff:180.175.179.67
[0mGET /idquery?id=2 [36m304 [0m1.054 ms - -[0m
2018-01-07T06:50:52.068Z
ClientIP: ::ffff:180.175.179.67
[0mGET /idquery?id=1 [36m304 [0m1.072 ms - -[0m
ClientIP: ::ffff:180.175.179.67
[0mGET /idquery?id=9 [36m304 [0m1.250 ms - -[0m
ClientIP: ::ffff:180.175.179.67
[0mGET /idquery?id=9 [36m304 [0m1.028 ms - -[0m
ClientIP: ::ffff:180.175.179.67
/root/git/CRUD/node_modules/_mysql@2.15.0@mysql/lib/protocol/Parser.js:80
        throw err; // Rethrow non-MySQL errors
        ^

TypeError: Cannot read property 'length' of undefined
    at Query._callback (/root/git/CRUD/routes/index.js:42:19)
    at Query.Sequence.end (/root/git/CRUD/node_modules/_mysql@2.15.0@mysql/lib/protocol/sequences/Sequence.js:88:24)
    at Query.ErrorPacket (/root/git/CRUD/node_modules/_mysql@2.15.0@mysql/lib/protocol/sequences/Query.js:90:8)
    at Protocol._parsePacket (/root/git/CRUD/node_modules/_mysql@2.15.0@mysql/lib/protocol/Protocol.js:279:23)
    at Parser.write (/root/git/CRUD/node_modules/_mysql@2.15.0@mysql/lib/protocol/Parser.js:76:12)
    at Protocol.write (/root/git/CRUD/node_modules/_mysql@2.15.0@mysql/lib/protocol/Protocol.js:39:16)
    at Socket.<anonymous> (/root/git/CRUD/node_modules/_mysql@2.15.0@mysql/lib/Connection.js:103:28)
    at Socket.emit (events.js:159:13)
    at addChunk (_stream_readable.js:265:12)
    at readableAddChunk (_stream_readable.js:252:11)
Running in 3000
/root/git/CRUD/node_modules/_mysql@2.15.0@mysql/lib/protocol/Parser.js:80
        throw err; // Rethrow non-MySQL errors
        ^

Error: ER_ACCESS_DENIED_ERROR: Access denied for user 'root'@'localhost' (using password: YES)
    at Handshake.Sequence._packetToError (/root/git/CRUD/node_modules/_mysql@2.15.0@mysql/lib/protocol/sequences/Sequence.js:52:14)
    at Handshake.ErrorPacket (/root/git/CRUD/node_modules/_mysql@2.15.0@mysql/lib/protocol/sequences/Handshake.js:130:18)
    at Protocol._parsePacket (/root/git/CRUD/node_modules/_mysql@2.15.0@mysql/lib/protocol/Protocol.js:279:23)
    at Parser.write (/root/git/CRUD/node_modules/_mysql@2.15.0@mysql/lib/protocol/Parser.js:76:12)
    at Protocol.write (/root/git/CRUD/node_modules/_mysql@2.15.0@mysql/lib/protocol/Protocol.js:39:16)
    at Socket.<anonymous> (/root/git/CRUD/node_modules/_mysql@2.15.0@mysql/lib/Connection.js:103:28)
    at Socket.emit (events.js:159:13)
    at addChunk (_stream_readable.js:265:12)
    at readableAddChunk (_stream_readable.js:252:11)
    at Socket.Readable.push (_stream_readable.js:209:10)
    --------------------
    at Protocol._enqueue (/root/git/CRUD/node_modules/_mysql@2.15.0@mysql/lib/protocol/Protocol.js:145:48)
    at Protocol.handshake (/root/git/CRUD/node_modules/_mysql@2.15.0@mysql/lib/protocol/Protocol.js:52:23)
    at Connection.connect (/root/git/CRUD/node_modules/_mysql@2.15.0@mysql/lib/Connection.js:130:18)
    at Object.<anonymous> (/root/git/CRUD/routes/index.js:13:12)
    at Module._compile (module.js:641:30)
    at Object.Module._extensions..js (module.js:652:10)
    at Module.load (module.js:560:32)
    at tryModuleLoad (module.js:503:12)
    at Function.Module._load (module.js:495:3)
    at Module.require (module.js:585:17)
Running in 3000
/root/git/CRUD/node_modules/_mysql@2.15.0@mysql/lib/protocol/Parser.js:80
        throw err; // Rethrow non-MySQL errors
        ^

Error: ER_ACCESS_DENIED_ERROR: Access denied for user 'root'@'localhost' (using password: YES)
    at Handshake.Sequence._packetToError (/root/git/CRUD/node_modules/_mysql@2.15.0@mysql/lib/protocol/sequences/Sequence.js:52:14)
    at Handshake.ErrorPacket (/root/git/CRUD/node_modules/_mysql@2.15.0@mysql/lib/protocol/sequences/Handshake.js:130:18)
    at Protocol._parsePacket (/root/git/CRUD/node_modules/_mysql@2.15.0@mysql/lib/protocol/Protocol.js:279:23)
    at Parser.write (/root/git/CRUD/node_modules/_mysql@2.15.0@mysql/lib/protocol/Parser.js:76:12)
    at Protocol.write (/root/git/CRUD/node_modules/_mysql@2.15.0@mysql/lib/protocol/Protocol.js:39:16)
    at Socket.<anonymous> (/root/git/CRUD/node_modules/_mysql@2.15.0@mysql/lib/Connection.js:103:28)
    at Socket.emit (events.js:159:13)
    at addChunk (_stream_readable.js:265:12)
    at readableAddChunk (_stream_readable.js:252:11)
    at Socket.Readable.push (_stream_readable.js:209:10)
    --------------------
    at Protocol._enqueue (/root/git/CRUD/node_modules/_mysql@2.15.0@mysql/lib/protocol/Protocol.js:145:48)
    at Protocol.handshake (/root/git/CRUD/node_modules/_mysql@2.15.0@mysql/lib/protocol/Protocol.js:52:23)
    at Connection.connect (/root/git/CRUD/node_modules/_mysql@2.15.0@mysql/lib/Connection.js:130:18)
    at Object.<anonymous> (/root/git/CRUD/routes/index.js:13:12)
    at Module._compile (module.js:641:30)
    at Object.Module._extensions..js (module.js:652:10)
    at Module.load (module.js:560:32)
    at tryModuleLoad (module.js:503:12)
    at Function.Module._load (module.js:495:3)
    at Module.require (module.js:585:17)
Running in 3000
/root/git/CRUD/node_modules/_mysql@2.15.0@mysql/lib/protocol/Parser.js:80
        throw err; // Rethrow non-MySQL errors
        ^

Error: ER_ACCESS_DENIED_ERROR: Access denied for user 'root'@'localhost' (using password: YES)
    at Handshake.Sequence._packetToError (/root/git/CRUD/node_modules/_mysql@2.15.0@mysql/lib/protocol/sequences/Sequence.js:52:14)
    at Handshake.ErrorPacket (/root/git/CRUD/node_modules/_mysql@2.15.0@mysql/lib/protocol/sequences/Handshake.js:130:18)
    at Protocol._parsePacket (/root/git/CRUD/node_modules/_mysql@2.15.0@mysql/lib/protocol/Protocol.js:279:23)
    at Parser.write (/root/git/CRUD/node_modules/_mysql@2.15.0@mysql/lib/protocol/Parser.js:76:12)
    at Protocol.write (/root/git/CRUD/node_modules/_mysql@2.15.0@mysql/lib/protocol/Protocol.js:39:16)
    at Socket.<anonymous> (/root/git/CRUD/node_modules/_mysql@2.15.0@mysql/lib/Connection.js:103:28)
    at Socket.emit (events.js:159:13)
    at addChunk (_stream_readable.js:265:12)
    at readableAddChunk (_stream_readable.js:252:11)
    at Socket.Readable.push (_stream_readable.js:209:10)
    --------------------
    at Protocol._enqueue (/root/git/CRUD/node_modules/_mysql@2.15.0@mysql/lib/protocol/Protocol.js:145:48)
    at Protocol.handshake (/root/git/CRUD/node_modules/_mysql@2.15.0@mysql/lib/protocol/Protocol.js:52:23)
    at Connection.connect (/root/git/CRUD/node_modules/_mysql@2.15.0@mysql/lib/Connection.js:130:18)
    at Object.<anonymous> (/root/git/CRUD/routes/index.js:13:12)
    at Module._compile (module.js:641:30)
    at Object.Module._extensions..js (module.js:652:10)
    at Module.load (module.js:560:32)
    at tryModuleLoad (module.js:503:12)
    at Function.Module._load (module.js:495:3)
    at Module.require (module.js:585:17)
Running in 3000
ClientIP: ::ffff:180.175.179.67
[0mGET / [36m304 [0m7.749 ms - -[0m
[0mGET /javascripts/dataprocessing.js [36m304 [0m0.744 ms - -[0m
ClientIP: ::ffff:180.175.179.67
[0mGET /favicon.ico [33m404 [0m249.650 ms - 1064[0m
ClientIP: ::ffff:180.175.179.67
[0mOPTIONS /addsubmit [32m200 [0m1.037 ms - 4[0m
ClientIP: ::ffff:180.175.179.67
[0mPOST /addsubmit [32m200 [0m16.332 ms - 15[0m
ClientIP: ::ffff:180.175.179.67
[0mGET /idquery?id=133 [32m200 [0m2.417 ms - 63[0m
ClientIP: ::ffff:180.175.179.67
[0mPOST /addsubmit [32m200 [0m4.398 ms - 15[0m
ClientIP: ::ffff:180.175.179.67
[SELECT ERROR]: ER_TRUNCATED_WRONG_VALUE: Incorrect date value: 'Wed Jan 25 1995 00:00:00 GMT 0800 (中国标准时间)' for column 'birthday' at row 1
[0mPOST /addsubmit [32m200 [0m2.712 ms - 24[0m
ClientIP: ::ffff:180.175.179.67
[0mPOST /addsubmit [32m200 [0m3.464 ms - 14[0m
ClientIP: ::ffff:180.175.179.67
[0mGET /idquery?id=135 [32m200 [0m3.077 ms - 67[0m
2018-01-07T08:04:02.290Z
ClientIP: ::ffff:180.175.179.67
[0mPOST /addsubmit [32m200 [0m3.424 ms - 14[0m
ClientIP: ::ffff:180.175.179.67
[0mPOST /addsubmit [32m200 [0m3.389 ms - 15[0m
Running in 3000
Running in 3000
ClientIP: ::ffff:180.175.179.67
[0mGET / [36m304 [0m7.232 ms - -[0m
[0mGET /javascripts/dataprocessing.js [36m304 [0m0.615 ms - -[0m
Running in 3000
ClientIP: ::ffff:180.175.179.67
[0mGET / [36m304 [0m7.320 ms - -[0m
[0mGET /javascripts/dataprocessing.js [36m304 [0m0.572 ms - -[0m
Running in 3000
ClientIP: ::ffff:180.175.179.67
[0mGET / [36m304 [0m7.289 ms - -[0m
[0mGET /javascripts/dataprocessing.js [36m304 [0m0.612 ms - -[0m
2018-01-07T10:20:55.298Z
2018-01-07T10:50:55.301Z
2018-01-07T11:20:55.304Z
2018-01-07T11:50:55.305Z
2018-01-07T12:20:55.306Z
2018-01-07T12:50:55.311Z
2018-01-07T13:20:55.314Z
2018-01-07T13:50:55.316Z
2018-01-07T14:20:55.317Z
2018-01-07T14:50:55.323Z
2018-01-07T15:20:55.327Z
2018-01-07T15:50:55.330Z
2018-01-07T16:20:55.333Z
2018-01-07T16:50:55.334Z
2018-01-07T17:20:55.334Z
2018-01-07T17:50:55.339Z
2018-01-07T18:20:55.342Z
2018-01-07T18:50:55.345Z
2018-01-07T19:20:55.347Z
2018-01-07T19:50:55.347Z
2018-01-07T20:20:55.352Z
2018-01-07T20:50:55.356Z
2018-01-07T21:20:55.359Z
2018-01-07T21:50:55.361Z
2018-01-07T22:20:55.362Z
2018-01-07T22:50:55.364Z
2018-01-07T23:20:55.369Z
2018-01-07T23:50:55.373Z
2018-01-08T00:20:55.376Z
2018-01-08T00:50:55.377Z
ClientIP: ::ffff:196.52.43.60
[0mGET / [32m200 [0m3.535 ms - 5983[0m
2018-01-08T01:20:55.378Z
2018-01-08T01:50:55.379Z
2018-01-08T02:20:55.384Z
2018-01-08T02:50:55.388Z
ClientIP: ::ffff:114.80.124.182
[0mPOST /addsubmit [32m200 [0m17.466 ms - 26[0m
ClientIP: ::ffff:114.80.124.182
[0mGET /idquery?id=177 [32m200 [0m2.064 ms - 71[0m
2018-01-08T03:20:55.391Z
2018-01-08T03:50:55.392Z
2018-01-08T04:20:55.393Z
2018-01-08T04:50:55.398Z
2018-01-08T05:20:55.402Z
2018-01-08T05:50:55.405Z
2018-01-08T06:20:55.408Z
ClientIP: ::ffff:114.80.124.182
[0mGET / [36m304 [0m1.312 ms - -[0m
[0mGET /javascripts/dataprocessing.js [36m304 [0m0.549 ms - -[0m
ClientIP: ::ffff:114.80.124.182
[0mGET /favicon.ico [33m404 [0m281.640 ms - 1064[0m
2018-01-08T06:50:55.409Z
2018-01-08T07:20:55.409Z
2018-01-08T07:50:55.413Z
ClientIP: ::ffff:114.80.124.182
[0mPOST /addsubmit [32m200 [0m4.053 ms - 23[0m
2018-01-08T08:20:55.417Z
2018-01-08T08:50:55.420Z
2018-01-08T09:20:55.422Z
ClientIP: ::ffff:114.80.124.182
[0mGET /idquery?id=140 [32m200 [0m2.101 ms - 67[0m
ClientIP: ::ffff:114.80.124.182
[SELECT ERROR]: ER_TRUNCATED_WRONG_VALUE: Incorrect date value: '1995-01-29T16:00:00.000Z' for column 'birthday' at row 1
[0mPOST /update [32m200 [0m3.277 ms - 24[0m
ClientIP: ::ffff:114.80.124.182
[0mGET /idquery?id=140 [36m304 [0m1.445 ms - -[0m
ClientIP: ::ffff:114.80.124.182
[SELECT ERROR]: ER_TRUNCATED_WRONG_VALUE: Incorrect date value: '1995-01-27T16:00:00.000Z' for column 'birthday' at row 1
[0mPOST /update [32m200 [0m2.332 ms - 24[0m
ClientIP: ::ffff:114.80.124.182
[SELECT ERROR]: ER_TRUNCATED_WRONG_VALUE: Incorrect date value: '1995-01-13T16:00:00.000Z' for column 'birthday' at row 1
[0mPOST /update [32m200 [0m2.309 ms - 24[0m
2018-01-08T09:50:55.423Z
2018-01-08T10:20:55.427Z
ClientIP: ::ffff:114.80.124.182
[0mPOST /update [32m200 [0m4.098 ms - 5[0m
ClientIP: ::ffff:114.80.124.182
[0mGET /idquery?id=55 [32m200 [0m1.949 ms - 72[0m
ClientIP: ::ffff:114.80.124.182
[0mGET /idquery?id=160 [32m200 [0m1.602 ms - 66[0m
ClientIP: ::ffff:114.80.124.182
[SELECT ERROR]: ER_TRUNCATED_WRONG_VALUE: Incorrect date value: '1995-01-30T16:00:00.000Z' for column 'birthday' at row 1
[0mPOST /update [32m200 [0m2.165 ms - 24[0m
ClientIP: ::ffff:209.126.136.5
[0mGET / [32m200 [0m1.078 ms - 5983[0m
2018-01-08T10:50:55.430Z
2018-01-08T11:20:55.432Z
2018-01-08T11:50:55.433Z
2018-01-08T12:20:55.438Z
2018-01-08T12:50:55.442Z
2018-01-08T13:20:55.442Z
2018-01-08T13:50:55.445Z
2018-01-08T14:20:55.446Z
2018-01-08T14:50:55.447Z
2018-01-08T15:20:55.447Z
2018-01-08T15:50:55.452Z
2018-01-08T16:20:55.456Z
2018-01-08T16:50:55.459Z
2018-01-08T17:20:55.462Z
2018-01-08T17:50:55.464Z
2018-01-08T18:20:55.466Z
2018-01-08T18:50:55.470Z
2018-01-08T19:20:55.474Z
2018-01-08T19:50:55.478Z
2018-01-08T20:20:55.481Z
2018-01-08T20:50:55.483Z
2018-01-08T21:20:55.484Z
2018-01-08T21:50:55.489Z
2018-01-08T22:20:55.494Z
2018-01-08T22:50:55.497Z
2018-01-08T23:20:55.499Z
2018-01-08T23:50:55.501Z
2018-01-09T00:20:55.502Z
2018-01-09T00:50:55.502Z
2018-01-09T01:20:55.507Z
2018-01-09T01:50:55.511Z
2018-01-09T02:20:55.514Z
2018-01-09T02:50:55.517Z
2018-01-09T03:20:55.520Z
2018-01-09T03:50:55.521Z
ClientIP: ::ffff:114.80.124.182
[0mGET /idquery?id=150 [32m200 [0m1.189 ms - 67[0m
2018-01-09T04:20:55.522Z
2018-01-09T04:50:55.522Z
[0mGET / [0m- [0m- ms - -[0m
ClientIP: undefined
2018-01-09T05:20:55.527Z
2018-01-09T05:50:55.531Z
2018-01-09T06:20:55.534Z
ClientIP: ::ffff:114.80.124.182
[0mGET /idquery?id=100 [36m304 [0m1.242 ms - -[0m
ClientIP: ::ffff:114.80.124.182
[0mGET /idquery?id=100 [36m304 [0m1.051 ms - -[0m
ClientIP: ::ffff:114.80.124.182
[0mGET /idquery?id=130 [32m200 [0m1.144 ms - 88[0m
ClientIP: ::ffff:114.80.124.182
[0mGET /idquery?id=50 [32m200 [0m1.036 ms - 85[0m
ClientIP: ::ffff:114.80.124.182
[0mGET /idquery?id=30 [32m200 [0m1.099 ms - 91[0m
ClientIP: ::ffff:114.80.124.182
[0mGET /idquery?id=140 [36m304 [0m1.141 ms - -[0m
ClientIP: ::ffff:114.80.124.182
[0mPOST /update [32m200 [0m3.921 ms - 6[0m
ClientIP: ::ffff:114.80.124.182
[0mGET /idquery?id=140 [32m200 [0m1.120 ms - 66[0m
2018-01-09T06:50:55.537Z
ClientIP: ::ffff:114.80.124.182
[0mGET /idquery?id=150 [36m304 [0m1.136 ms - -[0m
ClientIP: ::ffff:114.80.124.182
[0mGET /idquery?id=140 [36m304 [0m1.105 ms - -[0m
ClientIP: ::ffff:114.80.124.182
[0mPOST /update [32m200 [0m3.209 ms - 6[0m
ClientIP: ::ffff:114.80.124.182
[0mPOST /update [32m200 [0m3.263 ms - 6[0m
Running in 3000
ClientIP: ::ffff:114.80.124.182
[0mGET / [32m200 [0m8.410 ms - 5983[0m
[0mGET /javascripts/dataprocessing.js [32m200 [0m0.821 ms - 4800[0m
ClientIP: ::ffff:114.80.124.182
[0mPOST /update [32m200 [0m16.493 ms - 12[0m
